# JRE version: Java(TM) SE Runtime Environment (8.0_131-b11) (build 1.8.0_131-b11)
# Java VM: Java HotSpot(TM) 64-Bit Server VM (25.131-b11 mixed mode bsd-amd64 compressed oops)
Heap:
 PSYoungGen      total 44032K, used 42934K [0x0000000795580000, 0x00000007b9600000, 0x00000007c0000000)
  eden space 43520K, 98% used [0x0000000795580000,0x0000000797f55aa0,0x0000000798000000)
  from space 512K, 18% used [0x00000007b9500000,0x00000007b9518000,0x00000007b9580000)
  to   space 512K, 0% used [0x00000007b9580000,0x00000007b9580000,0x00000007b9600000)
 ParOldGen       total 89088K, used 38658K [0x0000000740000000, 0x0000000745700000, 0x0000000795580000)
  object space 89088K, 43% used [0x0000000740000000,0x00000007425c0848,0x0000000745700000)
 Metaspace       used 28062K, capacity 28373K, committed 28544K, reserved 1075200K
  class space    used 2234K, capacity 2342K, committed 2432K, reserved 1048576K
GC Heap History (10 events):
Event: 411.156 GC heap before
{Heap before GC invocations=1496 (full 1):
 PSYoungGen      total 49152K, used 48736K [0x0000000795580000, 0x00000007b9600000, 0x00000007c0000000)
  eden space 48640K, 100% used [0x0000000795580000,0x0000000798500000,0x0000000798500000)
  from space 512K, 18% used [0x00000007b9580000,0x00000007b9598000,0x00000007b9600000)
  to   space 512K, 0% used [0x00000007b9500000,0x00000007b9500000,0x00000007b9580000)
 ParOldGen       total 89088K, used 38658K [0x0000000740000000, 0x0000000745700000, 0x0000000795580000)
  object space 89088K, 43% used [0x0000000740000000,0x00000007425c0848,0x0000000745700000)
 Metaspace       used 28024K, capacity 28341K, committed 28544K, reserved 1075200K
  class space    used 2226K, capacity 2310K, committed 2432K, reserved 1048576K
Event: 411.158 GC heap after
Heap after GC invocations=1496 (full 1):
 PSYoungGen      total 48128K, used 160K [0x0000000795580000, 0x00000007b9600000, 0x00000007c0000000)
  eden space 47616K, 0% used [0x0000000795580000,0x0000000795580000,0x0000000798400000)
  from space 512K, 31% used [0x00000007b9500000,0x00000007b9528000,0x00000007b9580000)
  to   space 512K, 0% used [0x00000007b9580000,0x00000007b9580000,0x00000007b9600000)
 ParOldGen       total 89088K, used 38658K [0x0000000740000000, 0x0000000745700000, 0x0000000795580000)
  object space 89088K, 43% used [0x0000000740000000,0x00000007425c0848,0x0000000745700000)
 Metaspace       used 28024K, capacity 28341K, committed 28544K, reserved 1075200K
  class space    used 2226K, capacity 2310K, committed 2432K, reserved 1048576K
}
Event: 411.535 GC heap before
{Heap before GC invocations=1497 (full 1):
 PSYoungGen      total 48128K, used 47776K [0x0000000795580000, 0x00000007b9600000, 0x00000007c0000000)
  eden space 47616K, 100% used [0x0000000795580000,0x0000000798400000,0x0000000798400000)
  from space 512K, 31% used [0x00000007b9500000,0x00000007b9528000,0x00000007b9580000)
  to   space 512K, 0% used [0x00000007b9580000,0x00000007b9580000,0x00000007b9600000)
 ParOldGen       total 89088K, used 38658K [0x0000000740000000, 0x0000000745700000, 0x0000000795580000)
  object space 89088K, 43% used [0x0000000740000000,0x00000007425c0848,0x0000000745700000)
 Metaspace       used 28024K, capacity 28341K, committed 28544K, reserved 1075200K
  class space    used 2226K, capacity 2310K, committed 2432K, reserved 1048576K
Event: 411.536 GC heap after
Heap after GC invocations=1497 (full 1):
 PSYoungGen      total 47104K, used 64K [0x0000000795580000, 0x00000007b9600000, 0x00000007c0000000)
  eden space 46592K, 0% used [0x0000000795580000,0x0000000795580000,0x0000000798300000)
  from space 512K, 12% used [0x00000007b9580000,0x00000007b9590000,0x00000007b9600000)
  to   space 512K, 0% used [0x00000007b9500000,0x00000007b9500000,0x00000007b9580000)
 ParOldGen       total 89088K, used 38658K [0x0000000740000000, 0x0000000745700000, 0x0000000795580000)
  object space 89088K, 43% used [0x0000000740000000,0x00000007425c0848,0x0000000745700000)
 Metaspace       used 28024K, capacity 28341K, committed 28544K, reserved 1075200K
  class space    used 2226K, capacity 2310K, committed 2432K, reserved 1048576K
}
Event: 411.725 GC heap before
{Heap before GC invocations=1498 (full 1):
 PSYoungGen      total 47104K, used 46656K [0x0000000795580000, 0x00000007b9600000, 0x00000007c0000000)
  eden space 46592K, 100% used [0x0000000795580000,0x0000000798300000,0x0000000798300000)
  from space 512K, 12% used [0x00000007b9580000,0x00000007b9590000,0x00000007b9600000)
  to   space 512K, 0% used [0x00000007b9500000,0x00000007b9500000,0x00000007b9580000)
 ParOldGen       total 89088K, used 38658K [0x0000000740000000, 0x0000000745700000, 0x0000000795580000)
  object space 89088K, 43% used [0x0000000740000000,0x00000007425c0848,0x0000000745700000)
 Metaspace       used 28024K, capacity 28341K, committed 28544K, reserved 1075200K
  class space    used 2226K, capacity 2310K, committed 2432K, reserved 1048576K
Event: 411.726 GC heap after
Heap after GC invocations=1498 (full 1):
 PSYoungGen      total 46080K, used 128K [0x0000000795580000, 0x00000007b9600000, 0x00000007c0000000)
  eden space 45568K, 0% used [0x0000000795580000,0x0000000795580000,0x0000000798200000)
  from space 512K, 25% used [0x00000007b9500000,0x00000007b9520000,0x00000007b9580000)
  to   space 512K, 0% used [0x00000007b9580000,0x00000007b9580000,0x00000007b9600000)
 ParOldGen       total 89088K, used 38658K [0x0000000740000000, 0x0000000745700000, 0x0000000795580000)
  object space 89088K, 43% used [0x0000000740000000,0x00000007425c0848,0x0000000745700000)
 Metaspace       used 28024K, capacity 28341K, committed 28544K, reserved 1075200K
  class space    used 2226K, capacity 2310K, committed 2432K, reserved 1048576K
}
Event: 411.912 GC heap before
{Heap before GC invocations=1499 (full 1):
 PSYoungGen      total 46080K, used 45696K [0x0000000795580000, 0x00000007b9600000, 0x00000007c0000000)
  eden space 45568K, 100% used [0x0000000795580000,0x0000000798200000,0x0000000798200000)
  from space 512K, 25% used [0x00000007b9500000,0x00000007b9520000,0x00000007b9580000)
  to   space 512K, 0% used [0x00000007b9580000,0x00000007b9580000,0x00000007b9600000)
 ParOldGen       total 89088K, used 38658K [0x0000000740000000, 0x0000000745700000, 0x0000000795580000)
  object space 89088K, 43% used [0x0000000740000000,0x00000007425c0848,0x0000000745700000)
 Metaspace       used 28024K, capacity 28341K, committed 28544K, reserved 1075200K
  class space    used 2226K, capacity 2310K, committed 2432K, reserved 1048576K
Event: 411.913 GC heap after
Heap after GC invocations=1499 (full 1):
 PSYoungGen      total 45056K, used 96K [0x0000000795580000, 0x00000007b9600000, 0x00000007c0000000)
  eden space 44544K, 0% used [0x0000000795580000,0x0000000795580000,0x0000000798100000)
  from space 512K, 18% used [0x00000007b9580000,0x00000007b9598000,0x00000007b9600000)
  to   space 512K, 0% used [0x00000007b9500000,0x00000007b9500000,0x00000007b9580000)
 ParOldGen       total 89088K, used 38658K [0x0000000740000000, 0x0000000745700000, 0x0000000795580000)
  object space 89088K, 43% used [0x0000000740000000,0x00000007425c0848,0x0000000745700000)
 Metaspace       used 28024K, capacity 28341K, committed 28544K, reserved 1075200K
  class space    used 2226K, capacity 2310K, committed 2432K, reserved 1048576K
}
Event: 412.124 GC heap before
{Heap before GC invocations=1500 (full 1):
 PSYoungGen      total 45056K, used 44640K [0x0000000795580000, 0x00000007b9600000, 0x00000007c0000000)
  eden space 44544K, 100% used [0x0000000795580000,0x0000000798100000,0x0000000798100000)
  from space 512K, 18% used [0x00000007b9580000,0x00000007b9598000,0x00000007b9600000)
  to   space 512K, 0% used [0x00000007b9500000,0x00000007b9500000,0x00000007b9580000)
 ParOldGen       total 89088K, used 38658K [0x0000000740000000, 0x0000000745700000, 0x0000000795580000)
  object space 89088K, 43% used [0x0000000740000000,0x00000007425c0848,0x0000000745700000)
 Metaspace       used 28024K, capacity 28341K, committed 28544K, reserved 1075200K
  class space    used 2226K, capacity 2310K, committed 2432K, reserved 1048576K
Event: 412.126 GC heap after
Heap after GC invocations=1500 (full 1):
 PSYoungGen      total 44032K, used 96K [0x0000000795580000, 0x00000007b9600000, 0x00000007c0000000)
  eden space 43520K, 0% used [0x0000000795580000,0x0000000795580000,0x0000000798000000)
  from space 512K, 18% used [0x00000007b9500000,0x00000007b9518000,0x00000007b9580000)
  to   space 512K, 0% used [0x00000007b9580000,0x00000007b9580000,0x00000007b9600000)
 ParOldGen       total 89088K, used 38658K [0x0000000740000000, 0x0000000745700000, 0x0000000795580000)
  object space 89088K, 43% used [0x0000000740000000,0x00000007425c0848,0x0000000745700000)
 Metaspace       used 28024K, capacity 28341K, committed 28544K, reserved 1075200K
  class space    used 2226K, capacity 2310K, committed 2432K, reserved 1048576K
}

