# JRE version: Java(TM) SE Runtime Environment (8.0_131-b11) (build 1.8.0_131-b11)
# Java VM: Java HotSpot(TM) 64-Bit Server VM (25.131-b11 mixed mode bsd-amd64 compressed oops)
Heap:
 PSYoungGen      total 148992K, used 69601K [0x0000000795580000, 0x00000007b6a80000, 0x00000007c0000000)
  eden space 147456K, 46% used [0x0000000795580000,0x0000000799830448,0x000000079e580000)
  from space 1536K, 85% used [0x00000007b6080000,0x00000007b61c8040,0x00000007b6200000)
  to   space 5120K, 0% used [0x00000007b6580000,0x00000007b6580000,0x00000007b6a80000)
 ParOldGen       total 88576K, used 60031K [0x0000000740000000, 0x0000000745680000, 0x0000000795580000)
  object space 88576K, 67% used [0x0000000740000000,0x0000000743a9ff00,0x0000000745680000)
 Metaspace       used 28519K, capacity 28885K, committed 29056K, reserved 1075200K
  class space    used 2235K, capacity 2342K, committed 2432K, reserved 1048576K
GC Heap History (10 events):
Event: 1069.469 GC heap before
{Heap before GC invocations=4786 (full 1):
 PSYoungGen      total 118784K, used 118528K [0x0000000795580000, 0x00000007b7180000, 0x00000007c0000000)
  eden space 116224K, 100% used [0x0000000795580000,0x000000079c700000,0x000000079c700000)
  from space 2560K, 90% used [0x00000007b6f00000,0x00000007b7140080,0x00000007b7180000)
  to   space 4608K, 0% used [0x00000007b6880000,0x00000007b6880000,0x00000007b6d00000)
 ParOldGen       total 88576K, used 57147K [0x0000000740000000, 0x0000000745680000, 0x0000000795580000)
  object space 88576K, 64% used [0x0000000740000000,0x00000007437cee00,0x0000000745680000)
 Metaspace       used 28461K, capacity 28821K, committed 29056K, reserved 1075200K
  class space    used 2227K, capacity 2342K, committed 2432K, reserved 1048576K
Event: 1069.473 GC heap after
Heap after GC invocations=4786 (full 1):
 PSYoungGen      total 114688K, used 2336K [0x0000000795580000, 0x00000007b6f80000, 0x00000007c0000000)
  eden space 112128K, 0% used [0x0000000795580000,0x0000000795580000,0x000000079c300000)
  from space 2560K, 91% used [0x00000007b6880000,0x00000007b6ac8080,0x00000007b6b00000)
  to   space 4608K, 0% used [0x00000007b6b00000,0x00000007b6b00000,0x00000007b6f80000)
 ParOldGen       total 88576K, used 57147K [0x0000000740000000, 0x0000000745680000, 0x0000000795580000)
  object space 88576K, 64% used [0x0000000740000000,0x00000007437cee00,0x0000000745680000)
 Metaspace       used 28461K, capacity 28821K, committed 29056K, reserved 1075200K
  class space    used 2227K, capacity 2342K, committed 2432K, reserved 1048576K
}
Event: 1070.015 GC heap before
{Heap before GC invocations=4787 (full 1):
 PSYoungGen      total 114688K, used 114464K [0x0000000795580000, 0x00000007b6f80000, 0x00000007c0000000)
  eden space 112128K, 100% used [0x0000000795580000,0x000000079c300000,0x000000079c300000)
  from space 2560K, 91% used [0x00000007b6880000,0x00000007b6ac8080,0x00000007b6b00000)
  to   space 4608K, 0% used [0x00000007b6b00000,0x00000007b6b00000,0x00000007b6f80000)
 ParOldGen       total 88576K, used 57147K [0x0000000740000000, 0x0000000745680000, 0x0000000795580000)
  object space 88576K, 64% used [0x0000000740000000,0x00000007437cee00,0x0000000745680000)
 Metaspace       used 28482K, capacity 28821K, committed 29056K, reserved 1075200K
  class space    used 2227K, capacity 2342K, committed 2432K, reserved 1048576K
Event: 1070.019 GC heap after
Heap after GC invocations=4787 (full 1):
 PSYoungGen      total 112640K, used 4160K [0x0000000795580000, 0x00000007b6f80000, 0x00000007c0000000)
  eden space 108032K, 0% used [0x0000000795580000,0x0000000795580000,0x000000079bf00000)
  from space 4608K, 90% used [0x00000007b6b00000,0x00000007b6f100f0,0x00000007b6f80000)
  to   space 5120K, 0% used [0x00000007b6580000,0x00000007b6580000,0x00000007b6a80000)
 ParOldGen       total 88576K, used 57147K [0x0000000740000000, 0x0000000745680000, 0x0000000795580000)
  object space 88576K, 64% used [0x0000000740000000,0x00000007437cee00,0x0000000745680000)
 Metaspace       used 28482K, capacity 28821K, committed 29056K, reserved 1075200K
  class space    used 2227K, capacity 2342K, committed 2432K, reserved 1048576K
}
Event: 1070.490 GC heap before
{Heap before GC invocations=4788 (full 1):
 PSYoungGen      total 112640K, used 112192K [0x0000000795580000, 0x00000007b6f80000, 0x00000007c0000000)
  eden space 108032K, 100% used [0x0000000795580000,0x000000079bf00000,0x000000079bf00000)
  from space 4608K, 90% used [0x00000007b6b00000,0x00000007b6f100f0,0x00000007b6f80000)
  to   space 5120K, 0% used [0x00000007b6580000,0x00000007b6580000,0x00000007b6a80000)
 ParOldGen       total 88576K, used 57147K [0x0000000740000000, 0x0000000745680000, 0x0000000795580000)
  object space 88576K, 64% used [0x0000000740000000,0x00000007437cee00,0x0000000745680000)
 Metaspace       used 28482K, capacity 28821K, committed 29056K, reserved 1075200K
  class space    used 2227K, capacity 2342K, committed 2432K, reserved 1048576K
Event: 1070.502 GC heap after
Heap after GC invocations=4788 (full 1):
 PSYoungGen      total 124928K, used 4160K [0x0000000795580000, 0x00000007b6b80000, 0x00000007c0000000)
  eden space 120320K, 0% used [0x0000000795580000,0x0000000795580000,0x000000079cb00000)
  from space 4608K, 90% used [0x00000007b6580000,0x00000007b69900f0,0x00000007b6a00000)
  to   space 1536K, 0% used [0x00000007b6a00000,0x00000007b6a00000,0x00000007b6b80000)
 ParOldGen       total 88576K, used 57147K [0x0000000740000000, 0x0000000745680000, 0x0000000795580000)
  object space 88576K, 64% used [0x0000000740000000,0x00000007437cee00,0x0000000745680000)
 Metaspace       used 28482K, capacity 28821K, committed 29056K, reserved 1075200K
  class space    used 2227K, capacity 2342K, committed 2432K, reserved 1048576K
}
Event: 1071.010 GC heap before
{Heap before GC invocations=4789 (full 1):
 PSYoungGen      total 124928K, used 124480K [0x0000000795580000, 0x00000007b6b80000, 0x00000007c0000000)
  eden space 120320K, 100% used [0x0000000795580000,0x000000079cb00000,0x000000079cb00000)
  from space 4608K, 90% used [0x00000007b6580000,0x00000007b69900f0,0x00000007b6a00000)
  to   space 1536K, 0% used [0x00000007b6a00000,0x00000007b6a00000,0x00000007b6b80000)
 ParOldGen       total 88576K, used 57147K [0x0000000740000000, 0x0000000745680000, 0x0000000795580000)
  object space 88576K, 64% used [0x0000000740000000,0x00000007437cee00,0x0000000745680000)
 Metaspace       used 28484K, capacity 28821K, committed 29056K, reserved 1075200K
  class space    used 2227K, capacity 2342K, committed 2432K, reserved 1048576K
Event: 1071.016 GC heap after
Heap after GC invocations=4789 (full 1):
 PSYoungGen      total 135168K, used 1312K [0x0000000795580000, 0x00000007b6b80000, 0x00000007c0000000)
  eden space 133632K, 0% used [0x0000000795580000,0x0000000795580000,0x000000079d800000)
  from space 1536K, 85% used [0x00000007b6a00000,0x00000007b6b48040,0x00000007b6b80000)
  to   space 5632K, 0% used [0x00000007b6080000,0x00000007b6080000,0x00000007b6600000)
 ParOldGen       total 88576K, used 60015K [0x0000000740000000, 0x0000000745680000, 0x0000000795580000)
  object space 88576K, 67% used [0x0000000740000000,0x0000000743a9bf00,0x0000000745680000)
 Metaspace       used 28484K, capacity 28821K, committed 29056K, reserved 1075200K
  class space    used 2227K, capacity 2342K, committed 2432K, reserved 1048576K
}
Event: 1071.572 GC heap before
{Heap before GC invocations=4790 (full 1):
 PSYoungGen      total 135168K, used 134944K [0x0000000795580000, 0x00000007b6b80000, 0x00000007c0000000)
  eden space 133632K, 100% used [0x0000000795580000,0x000000079d800000,0x000000079d800000)
  from space 1536K, 85% used [0x00000007b6a00000,0x00000007b6b48040,0x00000007b6b80000)
  to   space 5632K, 0% used [0x00000007b6080000,0x00000007b6080000,0x00000007b6600000)
 ParOldGen       total 88576K, used 60015K [0x0000000740000000, 0x0000000745680000, 0x0000000795580000)
  object space 88576K, 67% used [0x0000000740000000,0x0000000743a9bf00,0x0000000745680000)
 Metaspace       used 28484K, capacity 28821K, committed 29056K, reserved 1075200K
  class space    used 2227K, capacity 2342K, committed 2432K, reserved 1048576K
Event: 1071.575 GC heap after
Heap after GC invocations=4790 (full 1):
 PSYoungGen      total 148992K, used 1312K [0x0000000795580000, 0x00000007b6a80000, 0x00000007c0000000)
  eden space 147456K, 0% used [0x0000000795580000,0x0000000795580000,0x000000079e580000)
  from space 1536K, 85% used [0x00000007b6080000,0x00000007b61c8040,0x00000007b6200000)
  to   space 5120K, 0% used [0x00000007b6580000,0x00000007b6580000,0x00000007b6a80000)
 ParOldGen       total 88576K, used 60031K [0x0000000740000000, 0x0000000745680000, 0x0000000795580000)
  object space 88576K, 67% used [0x0000000740000000,0x0000000743a9ff00,0x0000000745680000)
 Metaspace       used 28484K, capacity 28821K, committed 29056K, reserved 1075200K
  class space    used 2227K, capacity 2342K, committed 2432K, reserved 1048576K
}

