# JRE version: Java(TM) SE Runtime Environment (8.0_131-b11) (build 1.8.0_131-b11)
# Java VM: Java HotSpot(TM) 64-Bit Server VM (25.131-b11 mixed mode bsd-amd64 compressed oops)
Heap:
 PSYoungGen      total 187904K, used 143793K [0x0000000795580000, 0x00000007b9a80000, 0x00000007c0000000)
  eden space 187392K, 76% used [0x0000000795580000,0x000000079e1cc768,0x00000007a0c80000)
  from space 512K, 25% used [0x00000007b9a00000,0x00000007b9a20000,0x00000007b9a80000)
  to   space 2560K, 0% used [0x00000007b9580000,0x00000007b9580000,0x00000007b9800000)
 ParOldGen       total 87552K, used 16354K [0x0000000740000000, 0x0000000745580000, 0x0000000795580000)
  object space 87552K, 18% used [0x0000000740000000,0x0000000740ff8bf0,0x0000000745580000)
 Metaspace       used 20011K, capacity 20335K, committed 20608K, reserved 1067008K
  class space    used 1989K, capacity 2088K, committed 2176K, reserved 1048576K
GC Heap History (10 events):
Event: 26.381 GC heap before
{Heap before GC invocations=36 (full 0):
 PSYoungGen      total 236032K, used 232096K [0x0000000795580000, 0x00000007ba200000, 0x00000007c0000000)
  eden space 231936K, 100% used [0x0000000795580000,0x00000007a3800000,0x00000007a3800000)
  from space 4096K, 3% used [0x00000007b9a00000,0x00000007b9a28000,0x00000007b9e00000)
  to   space 3584K, 0% used [0x00000007b9e80000,0x00000007b9e80000,0x00000007ba200000)
 ParOldGen       total 87552K, used 16306K [0x0000000740000000, 0x0000000745580000, 0x0000000795580000)
  object space 87552K, 18% used [0x0000000740000000,0x0000000740fecbf0,0x0000000745580000)
 Metaspace       used 19948K, capacity 20261K, committed 20608K, reserved 1067008K
  class space    used 1981K, capacity 2087K, committed 2176K, reserved 1048576K
Event: 26.383 GC heap after
Heap after GC invocations=36 (full 0):
 PSYoungGen      total 222720K, used 96K [0x0000000795580000, 0x00000007b9f00000, 0x00000007c0000000)
  eden space 222208K, 0% used [0x0000000795580000,0x0000000795580000,0x00000007a2e80000)
  from space 512K, 18% used [0x00000007b9e80000,0x00000007b9e98000,0x00000007b9f00000)
  to   space 3584K, 0% used [0x00000007b9800000,0x00000007b9800000,0x00000007b9b80000)
 ParOldGen       total 87552K, used 16306K [0x0000000740000000, 0x0000000745580000, 0x0000000795580000)
  object space 87552K, 18% used [0x0000000740000000,0x0000000740fecbf0,0x0000000745580000)
 Metaspace       used 19948K, capacity 20261K, committed 20608K, reserved 1067008K
  class space    used 1981K, capacity 2087K, committed 2176K, reserved 1048576K
}
Event: 26.864 GC heap before
{Heap before GC invocations=37 (full 0):
 PSYoungGen      total 222720K, used 222304K [0x0000000795580000, 0x00000007b9f00000, 0x00000007c0000000)
  eden space 222208K, 100% used [0x0000000795580000,0x00000007a2e80000,0x00000007a2e80000)
  from space 512K, 18% used [0x00000007b9e80000,0x00000007b9e98000,0x00000007b9f00000)
  to   space 3584K, 0% used [0x00000007b9800000,0x00000007b9800000,0x00000007b9b80000)
 ParOldGen       total 87552K, used 16306K [0x0000000740000000, 0x0000000745580000, 0x0000000795580000)
  object space 87552K, 18% used [0x0000000740000000,0x0000000740fecbf0,0x0000000745580000)
 Metaspace       used 19949K, capacity 20261K, committed 20608K, reserved 1067008K
  class space    used 1981K, capacity 2087K, committed 2176K, reserved 1048576K
Event: 26.866 GC heap after
Heap after GC invocations=37 (full 0):
 PSYoungGen      total 216576K, used 96K [0x0000000795580000, 0x00000007b9f00000, 0x00000007c0000000)
  eden space 212992K, 0% used [0x0000000795580000,0x0000000795580000,0x00000007a2580000)
  from space 3584K, 2% used [0x00000007b9800000,0x00000007b9818000,0x00000007b9b80000)
  to   space 3072K, 0% used [0x00000007b9c00000,0x00000007b9c00000,0x00000007b9f00000)
 ParOldGen       total 87552K, used 16306K [0x0000000740000000, 0x0000000745580000, 0x0000000795580000)
  object space 87552K, 18% used [0x0000000740000000,0x0000000740fecbf0,0x0000000745580000)
 Metaspace       used 19949K, capacity 20261K, committed 20608K, reserved 1067008K
  class space    used 1981K, capacity 2087K, committed 2176K, reserved 1048576K
}
Event: 27.706 GC heap before
{Heap before GC invocations=38 (full 0):
 PSYoungGen      total 216576K, used 213088K [0x0000000795580000, 0x00000007b9f00000, 0x00000007c0000000)
  eden space 212992K, 100% used [0x0000000795580000,0x00000007a2580000,0x00000007a2580000)
  from space 3584K, 2% used [0x00000007b9800000,0x00000007b9818000,0x00000007b9b80000)
  to   space 3072K, 0% used [0x00000007b9c00000,0x00000007b9c00000,0x00000007b9f00000)
 ParOldGen       total 87552K, used 16306K [0x0000000740000000, 0x0000000745580000, 0x0000000795580000)
  object space 87552K, 18% used [0x0000000740000000,0x0000000740fecbf0,0x0000000745580000)
 Metaspace       used 19959K, capacity 20271K, committed 20608K, reserved 1067008K
  class space    used 1982K, capacity 2088K, committed 2176K, reserved 1048576K
Event: 27.708 GC heap after
Heap after GC invocations=38 (full 0):
 PSYoungGen      total 204800K, used 96K [0x0000000795580000, 0x00000007b9c80000, 0x00000007c0000000)
  eden space 204288K, 0% used [0x0000000795580000,0x0000000795580000,0x00000007a1d00000)
  from space 512K, 18% used [0x00000007b9c00000,0x00000007b9c18000,0x00000007b9c80000)
  to   space 3072K, 0% used [0x00000007b9680000,0x00000007b9680000,0x00000007b9980000)
 ParOldGen       total 87552K, used 16314K [0x0000000740000000, 0x0000000745580000, 0x0000000795580000)
  object space 87552K, 18% used [0x0000000740000000,0x0000000740feebf0,0x0000000745580000)
 Metaspace       used 19959K, capacity 20271K, committed 20608K, reserved 1067008K
  class space    used 1982K, capacity 2088K, committed 2176K, reserved 1048576K
}
Event: 28.192 GC heap before
{Heap before GC invocations=39 (full 0):
 PSYoungGen      total 204800K, used 204384K [0x0000000795580000, 0x00000007b9c80000, 0x00000007c0000000)
  eden space 204288K, 100% used [0x0000000795580000,0x00000007a1d00000,0x00000007a1d00000)
  from space 512K, 18% used [0x00000007b9c00000,0x00000007b9c18000,0x00000007b9c80000)
  to   space 3072K, 0% used [0x00000007b9680000,0x00000007b9680000,0x00000007b9980000)
 ParOldGen       total 87552K, used 16314K [0x0000000740000000, 0x0000000745580000, 0x0000000795580000)
  object space 87552K, 18% used [0x0000000740000000,0x0000000740feebf0,0x0000000745580000)
 Metaspace       used 19968K, capacity 20271K, committed 20608K, reserved 1067008K
  class space    used 1982K, capacity 2088K, committed 2176K, reserved 1048576K
Event: 28.194 GC heap after
Heap after GC invocations=39 (full 0):
 PSYoungGen      total 198656K, used 160K [0x0000000795580000, 0x00000007b9c80000, 0x00000007c0000000)
  eden space 195584K, 0% used [0x0000000795580000,0x0000000795580000,0x00000007a1480000)
  from space 3072K, 5% used [0x00000007b9680000,0x00000007b96a8000,0x00000007b9980000)
  to   space 2560K, 0% used [0x00000007b9a00000,0x00000007b9a00000,0x00000007b9c80000)
 ParOldGen       total 87552K, used 16330K [0x0000000740000000, 0x0000000745580000, 0x0000000795580000)
  object space 87552K, 18% used [0x0000000740000000,0x0000000740ff2bf0,0x0000000745580000)
 Metaspace       used 19968K, capacity 20271K, committed 20608K, reserved 1067008K
  class space    used 1982K, capacity 2088K, committed 2176K, reserved 1048576K
}
Event: 28.603 GC heap before
{Heap before GC invocations=40 (full 0):
 PSYoungGen      total 198656K, used 195744K [0x0000000795580000, 0x00000007b9c80000, 0x00000007c0000000)
  eden space 195584K, 100% used [0x0000000795580000,0x00000007a1480000,0x00000007a1480000)
  from space 3072K, 5% used [0x00000007b9680000,0x00000007b96a8000,0x00000007b9980000)
  to   space 2560K, 0% used [0x00000007b9a00000,0x00000007b9a00000,0x00000007b9c80000)
 ParOldGen       total 87552K, used 16330K [0x0000000740000000, 0x0000000745580000, 0x0000000795580000)
  object space 87552K, 18% used [0x0000000740000000,0x0000000740ff2bf0,0x0000000745580000)
 Metaspace       used 19974K, capacity 20335K, committed 20608K, reserved 1067008K
  class space    used 1982K, capacity 2088K, committed 2176K, reserved 1048576K
Event: 28.604 GC heap after
Heap after GC invocations=40 (full 0):
 PSYoungGen      total 187904K, used 128K [0x0000000795580000, 0x00000007b9a80000, 0x00000007c0000000)
  eden space 187392K, 0% used [0x0000000795580000,0x0000000795580000,0x00000007a0c80000)
  from space 512K, 25% used [0x00000007b9a00000,0x00000007b9a20000,0x00000007b9a80000)
  to   space 2560K, 0% used [0x00000007b9580000,0x00000007b9580000,0x00000007b9800000)
 ParOldGen       total 87552K, used 16354K [0x0000000740000000, 0x0000000745580000, 0x0000000795580000)
  object space 87552K, 18% used [0x0000000740000000,0x0000000740ff8bf0,0x0000000745580000)
 Metaspace       used 19974K, capacity 20335K, committed 20608K, reserved 1067008K
  class space    used 1982K, capacity 2088K, committed 2176K, reserved 1048576K
}

