# JRE version: Java(TM) SE Runtime Environment (8.0_131-b11) (build 1.8.0_131-b11)
# Java VM: Java HotSpot(TM) 64-Bit Server VM (25.131-b11 mixed mode bsd-amd64 compressed oops)
Heap:
 PSYoungGen      total 294400K, used 101708K [0x0000000795580000, 0x00000007b3100000, 0x00000007c0000000)
  eden space 265728K, 38% used [0x0000000795580000,0x000000079b8d31f8,0x00000007a5900000)
  from space 28672K, 0% used [0x00000007a5900000,0x00000007a5900000,0x00000007a7500000)
  to   space 30720K, 0% used [0x00000007b1300000,0x00000007b1300000,0x00000007b3100000)
 ParOldGen       total 137728K, used 75415K [0x0000000740000000, 0x0000000748680000, 0x0000000795580000)
  object space 137728K, 54% used [0x0000000740000000,0x00000007449a5d18,0x0000000748680000)
 Metaspace       used 19860K, capacity 20215K, committed 20608K, reserved 1067008K
  class space    used 1956K, capacity 2054K, committed 2176K, reserved 1048576K
GC Heap History (10 events):
Event: 6.623 GC heap before
{Heap before GC invocations=6 (full 0):
 PSYoungGen      total 71680K, used 71666K [0x0000000795580000, 0x00000007a1480000, 0x00000007c0000000)
  eden space 66560K, 100% used [0x0000000795580000,0x0000000799680000,0x0000000799680000)
  from space 5120K, 99% used [0x0000000799680000,0x0000000799b7cbc0,0x0000000799b80000)
  to   space 31232K, 0% used [0x000000079f600000,0x000000079f600000,0x00000007a1480000)
 ParOldGen       total 87552K, used 54028K [0x0000000740000000, 0x0000000745580000, 0x0000000795580000)
  object space 87552K, 61% used [0x0000000740000000,0x00000007434c3268,0x0000000745580000)
 Metaspace       used 19145K, capacity 19505K, committed 19840K, reserved 1067008K
  class space    used 1946K, capacity 2053K, committed 2176K, reserved 1048576K
Event: 6.638 GC heap after
Heap after GC invocations=6 (full 0):
 PSYoungGen      total 161280K, used 11779K [0x0000000795580000, 0x00000007a1180000, 0x00000007c0000000)
  eden space 133120K, 0% used [0x0000000795580000,0x0000000795580000,0x000000079d780000)
  from space 28160K, 41% used [0x000000079f600000,0x00000007a0180d30,0x00000007a1180000)
  to   space 29696K, 0% used [0x000000079d780000,0x000000079d780000,0x000000079f480000)
 ParOldGen       total 87552K, used 54036K [0x0000000740000000, 0x0000000745580000, 0x0000000795580000)
  object space 87552K, 61% used [0x0000000740000000,0x00000007434c5268,0x0000000745580000)
 Metaspace       used 19145K, capacity 19505K, committed 19840K, reserved 1067008K
  class space    used 1946K, capacity 2053K, committed 2176K, reserved 1048576K
}
Event: 14.692 GC heap before
{Heap before GC invocations=7 (full 0):
 PSYoungGen      total 161280K, used 144899K [0x0000000795580000, 0x00000007a1180000, 0x00000007c0000000)
  eden space 133120K, 100% used [0x0000000795580000,0x000000079d780000,0x000000079d780000)
  from space 28160K, 41% used [0x000000079f600000,0x00000007a0180d30,0x00000007a1180000)
  to   space 29696K, 0% used [0x000000079d780000,0x000000079d780000,0x000000079f480000)
 ParOldGen       total 87552K, used 54036K [0x0000000740000000, 0x0000000745580000, 0x0000000795580000)
  object space 87552K, 61% used [0x0000000740000000,0x00000007434c5268,0x0000000745580000)
 Metaspace       used 19404K, capacity 19767K, committed 20096K, reserved 1067008K
  class space    used 1949K, capacity 2054K, committed 2176K, reserved 1048576K
Event: 14.715 GC heap after
Heap after GC invocations=7 (full 0):
 PSYoungGen      total 162816K, used 12899K [0x0000000795580000, 0x00000007a9080000, 0x00000007c0000000)
  eden space 133120K, 0% used [0x0000000795580000,0x0000000795580000,0x000000079d780000)
  from space 29696K, 43% used [0x000000079d780000,0x000000079e418dd0,0x000000079f480000)
  to   space 28160K, 0% used [0x00000007a7500000,0x00000007a7500000,0x00000007a9080000)
 ParOldGen       total 87552K, used 56006K [0x0000000740000000, 0x0000000745580000, 0x0000000795580000)
  object space 87552K, 63% used [0x0000000740000000,0x00000007436b1870,0x0000000745580000)
 Metaspace       used 19404K, capacity 19767K, committed 20096K, reserved 1067008K
  class space    used 1949K, capacity 2054K, committed 2176K, reserved 1048576K
}
Event: 21.373 GC heap before
{Heap before GC invocations=8 (full 0):
 PSYoungGen      total 162816K, used 146019K [0x0000000795580000, 0x00000007a9080000, 0x00000007c0000000)
  eden space 133120K, 100% used [0x0000000795580000,0x000000079d780000,0x000000079d780000)
  from space 29696K, 43% used [0x000000079d780000,0x000000079e418dd0,0x000000079f480000)
  to   space 28160K, 0% used [0x00000007a7500000,0x00000007a7500000,0x00000007a9080000)
 ParOldGen       total 87552K, used 56006K [0x0000000740000000, 0x0000000745580000, 0x0000000795580000)
  object space 87552K, 63% used [0x0000000740000000,0x00000007436b1870,0x0000000745580000)
 Metaspace       used 19539K, capacity 19895K, committed 20096K, reserved 1067008K
  class space    used 1949K, capacity 2054K, committed 2176K, reserved 1048576K
Event: 21.391 GC heap after
Heap after GC invocations=8 (full 0):
 PSYoungGen      total 293888K, used 19299K [0x0000000795580000, 0x00000007a9180000, 0x00000007c0000000)
  eden space 265728K, 0% used [0x0000000795580000,0x0000000795580000,0x00000007a5900000)
  from space 28160K, 68% used [0x00000007a7500000,0x00000007a87d8f60,0x00000007a9080000)
  to   space 28672K, 0% used [0x00000007a5900000,0x00000007a5900000,0x00000007a7500000)
 ParOldGen       total 87552K, used 56238K [0x0000000740000000, 0x0000000745580000, 0x0000000795580000)
  object space 87552K, 64% used [0x0000000740000000,0x00000007436eb870,0x0000000745580000)
 Metaspace       used 19539K, capacity 19895K, committed 20096K, reserved 1067008K
  class space    used 1949K, capacity 2054K, committed 2176K, reserved 1048576K
}
Event: 33.576 GC heap before
{Heap before GC invocations=9 (full 0):
 PSYoungGen      total 293888K, used 285027K [0x0000000795580000, 0x00000007a9180000, 0x00000007c0000000)
  eden space 265728K, 100% used [0x0000000795580000,0x00000007a5900000,0x00000007a5900000)
  from space 28160K, 68% used [0x00000007a7500000,0x00000007a87d8f60,0x00000007a9080000)
  to   space 28672K, 0% used [0x00000007a5900000,0x00000007a5900000,0x00000007a7500000)
 ParOldGen       total 87552K, used 56238K [0x0000000740000000, 0x0000000745580000, 0x0000000795580000)
  object space 87552K, 64% used [0x0000000740000000,0x00000007436eb870,0x0000000745580000)
 Metaspace       used 19755K, capacity 20151K, committed 20352K, reserved 1067008K
  class space    used 1949K, capacity 2054K, committed 2176K, reserved 1048576K
Event: 33.594 GC heap after
Heap after GC invocations=9 (full 0):
 PSYoungGen      total 294400K, used 23921K [0x0000000795580000, 0x00000007b3100000, 0x00000007c0000000)
  eden space 265728K, 0% used [0x0000000795580000,0x0000000795580000,0x00000007a5900000)
  from space 28672K, 83% used [0x00000007a5900000,0x00000007a705c600,0x00000007a7500000)
  to   space 30720K, 0% used [0x00000007b1300000,0x00000007b1300000,0x00000007b3100000)
 ParOldGen       total 87552K, used 64465K [0x0000000740000000, 0x0000000745580000, 0x0000000795580000)
  object space 87552K, 73% used [0x0000000740000000,0x0000000743ef4570,0x0000000745580000)
 Metaspace       used 19755K, capacity 20151K, committed 20352K, reserved 1067008K
  class space    used 1949K, capacity 2054K, committed 2176K, reserved 1048576K
}
Event: 33.594 GC heap before
{Heap before GC invocations=10 (full 1):
 PSYoungGen      total 294400K, used 23921K [0x0000000795580000, 0x00000007b3100000, 0x00000007c0000000)
  eden space 265728K, 0% used [0x0000000795580000,0x0000000795580000,0x00000007a5900000)
  from space 28672K, 83% used [0x00000007a5900000,0x00000007a705c600,0x00000007a7500000)
  to   space 30720K, 0% used [0x00000007b1300000,0x00000007b1300000,0x00000007b3100000)
 ParOldGen       total 87552K, used 64465K [0x0000000740000000, 0x0000000745580000, 0x0000000795580000)
  object space 87552K, 73% used [0x0000000740000000,0x0000000743ef4570,0x0000000745580000)
 Metaspace       used 19755K, capacity 20151K, committed 20352K, reserved 1067008K
  class space    used 1949K, capacity 2054K, committed 2176K, reserved 1048576K
Event: 33.779 GC heap after
Heap after GC invocations=10 (full 1):
 PSYoungGen      total 294400K, used 0K [0x0000000795580000, 0x00000007b3100000, 0x00000007c0000000)
  eden space 265728K, 0% used [0x0000000795580000,0x0000000795580000,0x00000007a5900000)
  from space 28672K, 0% used [0x00000007a5900000,0x00000007a5900000,0x00000007a7500000)
  to   space 30720K, 0% used [0x00000007b1300000,0x00000007b1300000,0x00000007b3100000)
 ParOldGen       total 137728K, used 75415K [0x0000000740000000, 0x0000000748680000, 0x0000000795580000)
  object space 137728K, 54% used [0x0000000740000000,0x00000007449a5d18,0x0000000748680000)
 Metaspace       used 19755K, capacity 20151K, committed 20352K, reserved 1067008K
  class space    used 1949K, capacity 2054K, committed 2176K, reserved 1048576K
}

