# JRE version: Java(TM) SE Runtime Environment (8.0_131-b11) (build 1.8.0_131-b11)
# Java VM: Java HotSpot(TM) 64-Bit Server VM (25.131-b11 mixed mode bsd-amd64 compressed oops)
Heap:
 PSYoungGen      total 348160K, used 174237K [0x0000000795580000, 0x00000007ad200000, 0x00000007c0000000)
  eden space 328192K, 53% used [0x0000000795580000,0x000000079ff77498,0x00000007a9600000)
  from space 19968K, 0% used [0x00000007abe80000,0x00000007abeb0000,0x00000007ad200000)
  to   space 30720K, 0% used [0x00000007a9600000,0x00000007a9600000,0x00000007ab400000)
 ParOldGen       total 94208K, used 36361K [0x0000000740000000, 0x0000000745c00000, 0x0000000795580000)
  object space 94208K, 38% used [0x0000000740000000,0x00000007423824f8,0x0000000745c00000)
 Metaspace       used 27987K, capacity 28357K, committed 28544K, reserved 1075200K
  class space    used 2230K, capacity 2342K, committed 2432K, reserved 1048576K
GC Heap History (10 events):
Event: 7.696 GC heap before
{Heap before GC invocations=9 (full 1):
 PSYoungGen      total 153088K, used 126011K [0x0000000795580000, 0x00000007a5d80000, 0x00000007c0000000)
  eden space 117760K, 100% used [0x0000000795580000,0x000000079c880000,0x000000079c880000)
  from space 35328K, 23% used [0x000000079c880000,0x000000079d08edf8,0x000000079eb00000)
  to   space 33792K, 0% used [0x00000007a3c80000,0x00000007a3c80000,0x00000007a5d80000)
 ParOldGen       total 94208K, used 25581K [0x0000000740000000, 0x0000000745c00000, 0x0000000795580000)
  object space 94208K, 27% used [0x0000000740000000,0x00000007418fb7b8,0x0000000745c00000)
 Metaspace       used 27500K, capacity 27813K, committed 28032K, reserved 1075200K
  class space    used 2222K, capacity 2310K, committed 2432K, reserved 1048576K
Event: 7.703 GC heap after
Heap after GC invocations=9 (full 1):
 PSYoungGen      total 221184K, used 10875K [0x0000000795580000, 0x00000007a5400000, 0x00000007c0000000)
  eden space 197120K, 0% used [0x0000000795580000,0x0000000795580000,0x00000007a1600000)
  from space 24064K, 45% used [0x00000007a3c80000,0x00000007a471ee50,0x00000007a5400000)
  to   space 31744K, 0% used [0x00000007a1600000,0x00000007a1600000,0x00000007a3500000)
 ParOldGen       total 94208K, used 25589K [0x0000000740000000, 0x0000000745c00000, 0x0000000795580000)
  object space 94208K, 27% used [0x0000000740000000,0x00000007418fd7b8,0x0000000745c00000)
 Metaspace       used 27500K, capacity 27813K, committed 28032K, reserved 1075200K
  class space    used 2222K, capacity 2310K, committed 2432K, reserved 1048576K
}
Event: 11.226 GC heap before
{Heap before GC invocations=10 (full 1):
 PSYoungGen      total 221184K, used 207995K [0x0000000795580000, 0x00000007a5400000, 0x00000007c0000000)
  eden space 197120K, 100% used [0x0000000795580000,0x00000007a1600000,0x00000007a1600000)
  from space 24064K, 45% used [0x00000007a3c80000,0x00000007a471ee50,0x00000007a5400000)
  to   space 31744K, 0% used [0x00000007a1600000,0x00000007a1600000,0x00000007a3500000)
 ParOldGen       total 94208K, used 25589K [0x0000000740000000, 0x0000000745c00000, 0x0000000795580000)
  object space 94208K, 27% used [0x0000000740000000,0x00000007418fd7b8,0x0000000745c00000)
 Metaspace       used 27605K, capacity 27941K, committed 28288K, reserved 1075200K
  class space    used 2222K, capacity 2310K, committed 2432K, reserved 1048576K
Event: 11.237 GC heap after
Heap after GC invocations=10 (full 1):
 PSYoungGen      total 228864K, used 10953K [0x0000000795580000, 0x00000007a9880000, 0x00000007c0000000)
  eden space 197120K, 0% used [0x0000000795580000,0x0000000795580000,0x00000007a1600000)
  from space 31744K, 34% used [0x00000007a1600000,0x00000007a20b2720,0x00000007a3500000)
  to   space 30208K, 0% used [0x00000007a7b00000,0x00000007a7b00000,0x00000007a9880000)
 ParOldGen       total 94208K, used 25854K [0x0000000740000000, 0x0000000745c00000, 0x0000000795580000)
  object space 94208K, 27% used [0x0000000740000000,0x000000074193f898,0x0000000745c00000)
 Metaspace       used 27605K, capacity 27941K, committed 28288K, reserved 1075200K
  class space    used 2222K, capacity 2310K, committed 2432K, reserved 1048576K
}
Event: 14.172 GC heap before
{Heap before GC invocations=11 (full 1):
 PSYoungGen      total 228864K, used 208073K [0x0000000795580000, 0x00000007a9880000, 0x00000007c0000000)
  eden space 197120K, 100% used [0x0000000795580000,0x00000007a1600000,0x00000007a1600000)
  from space 31744K, 34% used [0x00000007a1600000,0x00000007a20b2720,0x00000007a3500000)
  to   space 30208K, 0% used [0x00000007a7b00000,0x00000007a7b00000,0x00000007a9880000)
 ParOldGen       total 94208K, used 25854K [0x0000000740000000, 0x0000000745c00000, 0x0000000795580000)
  object space 94208K, 27% used [0x0000000740000000,0x000000074193f898,0x0000000745c00000)
 Metaspace       used 27687K, capacity 28005K, committed 28288K, reserved 1075200K
  class space    used 2222K, capacity 2310K, committed 2432K, reserved 1048576K
Event: 14.175 GC heap after
Heap after GC invocations=11 (full 1):
 PSYoungGen      total 286208K, used 448K [0x0000000795580000, 0x00000007a9200000, 0x00000007c0000000)
  eden space 262656K, 0% used [0x0000000795580000,0x0000000795580000,0x00000007a5600000)
  from space 23552K, 1% used [0x00000007a7b00000,0x00000007a7b70010,0x00000007a9200000)
  to   space 30720K, 0% used [0x00000007a5600000,0x00000007a5600000,0x00000007a7400000)
 ParOldGen       total 94208K, used 35953K [0x0000000740000000, 0x0000000745c00000, 0x0000000795580000)
  object space 94208K, 38% used [0x0000000740000000,0x000000074231c488,0x0000000745c00000)
 Metaspace       used 27687K, capacity 28005K, committed 28288K, reserved 1075200K
  class space    used 2222K, capacity 2310K, committed 2432K, reserved 1048576K
}
Event: 18.088 GC heap before
{Heap before GC invocations=12 (full 1):
 PSYoungGen      total 286208K, used 263104K [0x0000000795580000, 0x00000007a9200000, 0x00000007c0000000)
  eden space 262656K, 100% used [0x0000000795580000,0x00000007a5600000,0x00000007a5600000)
  from space 23552K, 1% used [0x00000007a7b00000,0x00000007a7b70010,0x00000007a9200000)
  to   space 30720K, 0% used [0x00000007a5600000,0x00000007a5600000,0x00000007a7400000)
 ParOldGen       total 94208K, used 35953K [0x0000000740000000, 0x0000000745c00000, 0x0000000795580000)
  object space 94208K, 38% used [0x0000000740000000,0x000000074231c488,0x0000000745c00000)
 Metaspace       used 27712K, capacity 28069K, committed 28288K, reserved 1075200K
  class space    used 2223K, capacity 2310K, committed 2432K, reserved 1048576K
Event: 18.090 GC heap after
Heap after GC invocations=12 (full 1):
 PSYoungGen      total 293376K, used 160K [0x0000000795580000, 0x00000007adc80000, 0x00000007c0000000)
  eden space 262656K, 0% used [0x0000000795580000,0x0000000795580000,0x00000007a5600000)
  from space 30720K, 0% used [0x00000007a5600000,0x00000007a5628000,0x00000007a7400000)
  to   space 30720K, 0% used [0x00000007abe80000,0x00000007abe80000,0x00000007adc80000)
 ParOldGen       total 94208K, used 36313K [0x0000000740000000, 0x0000000745c00000, 0x0000000795580000)
  object space 94208K, 38% used [0x0000000740000000,0x00000007423764f8,0x0000000745c00000)
 Metaspace       used 27712K, capacity 28069K, committed 28288K, reserved 1075200K
  class space    used 2223K, capacity 2310K, committed 2432K, reserved 1048576K
}
Event: 21.665 GC heap before
{Heap before GC invocations=13 (full 1):
 PSYoungGen      total 293376K, used 262816K [0x0000000795580000, 0x00000007adc80000, 0x00000007c0000000)
  eden space 262656K, 100% used [0x0000000795580000,0x00000007a5600000,0x00000007a5600000)
  from space 30720K, 0% used [0x00000007a5600000,0x00000007a5628000,0x00000007a7400000)
  to   space 30720K, 0% used [0x00000007abe80000,0x00000007abe80000,0x00000007adc80000)
 ParOldGen       total 94208K, used 36313K [0x0000000740000000, 0x0000000745c00000, 0x0000000795580000)
  object space 94208K, 38% used [0x0000000740000000,0x00000007423764f8,0x0000000745c00000)
 Metaspace       used 27922K, capacity 28197K, committed 28544K, reserved 1075200K
  class space    used 2223K, capacity 2310K, committed 2432K, reserved 1048576K
Event: 21.667 GC heap after
Heap after GC invocations=13 (full 1):
 PSYoungGen      total 348160K, used 192K [0x0000000795580000, 0x00000007ad200000, 0x00000007c0000000)
  eden space 328192K, 0% used [0x0000000795580000,0x0000000795580000,0x00000007a9600000)
  from space 19968K, 0% used [0x00000007abe80000,0x00000007abeb0000,0x00000007ad200000)
  to   space 30720K, 0% used [0x00000007a9600000,0x00000007a9600000,0x00000007ab400000)
 ParOldGen       total 94208K, used 36361K [0x0000000740000000, 0x0000000745c00000, 0x0000000795580000)
  object space 94208K, 38% used [0x0000000740000000,0x00000007423824f8,0x0000000745c00000)
 Metaspace       used 27922K, capacity 28197K, committed 28544K, reserved 1075200K
  class space    used 2223K, capacity 2310K, committed 2432K, reserved 1048576K
}

