# JRE version: Java(TM) SE Runtime Environment (8.0_131-b11) (build 1.8.0_131-b11)
# Java VM: Java HotSpot(TM) 64-Bit Server VM (25.131-b11 mixed mode bsd-amd64 compressed oops)
Heap:
 PSYoungGen      total 108032K, used 44870K [0x0000000795580000, 0x000000079d600000, 0x00000007c0000000)
  eden space 94720K, 41% used [0x0000000795580000,0x0000000797bb9788,0x000000079b200000)
  from space 13312K, 43% used [0x000000079be80000,0x000000079c4180e0,0x000000079cb80000)
  to   space 12800K, 0% used [0x000000079b200000,0x000000079b200000,0x000000079be80000)
 ParOldGen       total 70144K, used 23587K [0x0000000740000000, 0x0000000744480000, 0x0000000795580000)
  object space 70144K, 33% used [0x0000000740000000,0x0000000741708f40,0x0000000744480000)
 Metaspace       used 27769K, capacity 28109K, committed 28288K, reserved 1075200K
  class space    used 2212K, capacity 2342K, committed 2432K, reserved 1048576K
GC Heap History (10 events):
Event: 3.030 GC heap before
{Heap before GC invocations=3 (full 0):
 PSYoungGen      total 38400K, used 21417K [0x0000000795580000, 0x0000000798000000, 0x00000007c0000000)
  eden space 33280K, 49% used [0x0000000795580000,0x000000079656d340,0x0000000797600000)
  from space 5120K, 99% used [0x0000000797b00000,0x0000000797ffd490,0x0000000798000000)
  to   space 5120K, 0% used [0x0000000797600000,0x0000000797600000,0x0000000797b00000)
 ParOldGen       total 87552K, used 8195K [0x0000000740000000, 0x0000000745580000, 0x0000000795580000)
  object space 87552K, 9% used [0x0000000740000000,0x0000000740800c28,0x0000000745580000)
 Metaspace       used 20924K, capacity 21232K, committed 21296K, reserved 1069056K
  class space    used 2046K, capacity 2148K, committed 2176K, reserved 1048576K
Event: 3.037 GC heap after
Heap after GC invocations=3 (full 0):
 PSYoungGen      total 38400K, used 3632K [0x0000000795580000, 0x000000079a080000, 0x00000007c0000000)
  eden space 33280K, 0% used [0x0000000795580000,0x0000000795580000,0x0000000797600000)
  from space 5120K, 70% used [0x0000000797600000,0x000000079798c130,0x0000000797b00000)
  to   space 5120K, 0% used [0x0000000799b80000,0x0000000799b80000,0x000000079a080000)
 ParOldGen       total 87552K, used 15168K [0x0000000740000000, 0x0000000745580000, 0x0000000795580000)
  object space 87552K, 17% used [0x0000000740000000,0x0000000740ed0048,0x0000000745580000)
 Metaspace       used 20924K, capacity 21232K, committed 21296K, reserved 1069056K
  class space    used 2046K, capacity 2148K, committed 2176K, reserved 1048576K
}
Event: 3.037 GC heap before
{Heap before GC invocations=4 (full 1):
 PSYoungGen      total 38400K, used 3632K [0x0000000795580000, 0x000000079a080000, 0x00000007c0000000)
  eden space 33280K, 0% used [0x0000000795580000,0x0000000795580000,0x0000000797600000)
  from space 5120K, 70% used [0x0000000797600000,0x000000079798c130,0x0000000797b00000)
  to   space 5120K, 0% used [0x0000000799b80000,0x0000000799b80000,0x000000079a080000)
 ParOldGen       total 87552K, used 15168K [0x0000000740000000, 0x0000000745580000, 0x0000000795580000)
  object space 87552K, 17% used [0x0000000740000000,0x0000000740ed0048,0x0000000745580000)
 Metaspace       used 20924K, capacity 21232K, committed 21296K, reserved 1069056K
  class space    used 2046K, capacity 2148K, committed 2176K, reserved 1048576K
Event: 3.080 GC heap after
Heap after GC invocations=4 (full 1):
 PSYoungGen      total 38400K, used 0K [0x0000000795580000, 0x000000079a080000, 0x00000007c0000000)
  eden space 33280K, 0% used [0x0000000795580000,0x0000000795580000,0x0000000797600000)
  from space 5120K, 0% used [0x0000000797600000,0x0000000797600000,0x0000000797b00000)
  to   space 5120K, 0% used [0x0000000799b80000,0x0000000799b80000,0x000000079a080000)
 ParOldGen       total 70144K, used 17463K [0x0000000740000000, 0x0000000744480000, 0x0000000795580000)
  object space 70144K, 24% used [0x0000000740000000,0x000000074110dd58,0x0000000744480000)
 Metaspace       used 20924K, capacity 21232K, committed 21296K, reserved 1069056K
  class space    used 2046K, capacity 2148K, committed 2176K, reserved 1048576K
}
Event: 4.381 GC heap before
{Heap before GC invocations=5 (full 1):
 PSYoungGen      total 38400K, used 33280K [0x0000000795580000, 0x000000079a080000, 0x00000007c0000000)
  eden space 33280K, 100% used [0x0000000795580000,0x0000000797600000,0x0000000797600000)
  from space 5120K, 0% used [0x0000000797600000,0x0000000797600000,0x0000000797b00000)
  to   space 5120K, 0% used [0x0000000799b80000,0x0000000799b80000,0x000000079a080000)
 ParOldGen       total 70144K, used 17463K [0x0000000740000000, 0x0000000744480000, 0x0000000795580000)
  object space 70144K, 24% used [0x0000000740000000,0x000000074110dd58,0x0000000744480000)
 Metaspace       used 26785K, capacity 27140K, committed 27520K, reserved 1075200K
  class space    used 2203K, capacity 2310K, committed 2432K, reserved 1048576K
Event: 4.390 GC heap after
Heap after GC invocations=5 (full 1):
 PSYoungGen      total 61952K, used 5111K [0x0000000795580000, 0x000000079a080000, 0x00000007c0000000)
  eden space 56832K, 0% used [0x0000000795580000,0x0000000795580000,0x0000000798d00000)
  from space 5120K, 99% used [0x0000000799b80000,0x000000079a07dd90,0x000000079a080000)
  to   space 5120K, 0% used [0x0000000799680000,0x0000000799680000,0x0000000799b80000)
 ParOldGen       total 70144K, used 19663K [0x0000000740000000, 0x0000000744480000, 0x0000000795580000)
  object space 70144K, 28% used [0x0000000740000000,0x0000000741333eb8,0x0000000744480000)
 Metaspace       used 26785K, capacity 27140K, committed 27520K, reserved 1075200K
  class space    used 2203K, capacity 2310K, committed 2432K, reserved 1048576K
}
Event: 7.073 GC heap before
{Heap before GC invocations=6 (full 1):
 PSYoungGen      total 61952K, used 61796K [0x0000000795580000, 0x000000079a080000, 0x00000007c0000000)
  eden space 56832K, 99% used [0x0000000795580000,0x0000000798cdb458,0x0000000798d00000)
  from space 5120K, 99% used [0x0000000799b80000,0x000000079a07dd90,0x000000079a080000)
  to   space 5120K, 0% used [0x0000000799680000,0x0000000799680000,0x0000000799b80000)
 ParOldGen       total 70144K, used 19663K [0x0000000740000000, 0x0000000744480000, 0x0000000795580000)
  object space 70144K, 28% used [0x0000000740000000,0x0000000741333eb8,0x0000000744480000)
 Metaspace       used 27315K, capacity 27693K, committed 28032K, reserved 1075200K
  class space    used 2203K, capacity 2310K, committed 2432K, reserved 1048576K
Event: 7.079 GC heap after
Heap after GC invocations=6 (full 1):
 PSYoungGen      total 71680K, used 5088K [0x0000000795580000, 0x000000079cb80000, 0x00000007c0000000)
  eden space 66560K, 0% used [0x0000000795580000,0x0000000795580000,0x0000000799680000)
  from space 5120K, 99% used [0x0000000799680000,0x0000000799b780c0,0x0000000799b80000)
  to   space 13312K, 0% used [0x000000079be80000,0x000000079be80000,0x000000079cb80000)
 ParOldGen       total 70144K, used 23579K [0x0000000740000000, 0x0000000744480000, 0x0000000795580000)
  object space 70144K, 33% used [0x0000000740000000,0x0000000741706f40,0x0000000744480000)
 Metaspace       used 27315K, capacity 27693K, committed 28032K, reserved 1075200K
  class space    used 2203K, capacity 2310K, committed 2432K, reserved 1048576K
}
Event: 12.870 GC heap before
{Heap before GC invocations=7 (full 1):
 PSYoungGen      total 71680K, used 71648K [0x0000000795580000, 0x000000079cb80000, 0x00000007c0000000)
  eden space 66560K, 100% used [0x0000000795580000,0x0000000799680000,0x0000000799680000)
  from space 5120K, 99% used [0x0000000799680000,0x0000000799b780c0,0x0000000799b80000)
  to   space 13312K, 0% used [0x000000079be80000,0x000000079be80000,0x000000079cb80000)
 ParOldGen       total 70144K, used 23579K [0x0000000740000000, 0x0000000744480000, 0x0000000795580000)
  object space 70144K, 33% used [0x0000000740000000,0x0000000741706f40,0x0000000744480000)
 Metaspace       used 27716K, capacity 28077K, committed 28288K, reserved 1075200K
  class space    used 2204K, capacity 2310K, committed 2432K, reserved 1048576K
Event: 12.878 GC heap after
Heap after GC invocations=7 (full 1):
 PSYoungGen      total 108032K, used 5728K [0x0000000795580000, 0x000000079d600000, 0x00000007c0000000)
  eden space 94720K, 0% used [0x0000000795580000,0x0000000795580000,0x000000079b200000)
  from space 13312K, 43% used [0x000000079be80000,0x000000079c4180e0,0x000000079cb80000)
  to   space 12800K, 0% used [0x000000079b200000,0x000000079b200000,0x000000079be80000)
 ParOldGen       total 70144K, used 23587K [0x0000000740000000, 0x0000000744480000, 0x0000000795580000)
  object space 70144K, 33% used [0x0000000740000000,0x0000000741708f40,0x0000000744480000)
 Metaspace       used 27716K, capacity 28077K, committed 28288K, reserved 1075200K
  class space    used 2204K, capacity 2310K, committed 2432K, reserved 1048576K
}

