# JRE version: Java(TM) SE Runtime Environment (8.0_131-b11) (build 1.8.0_131-b11)
# Java VM: Java HotSpot(TM) 64-Bit Server VM (25.131-b11 mixed mode bsd-amd64 compressed oops)
Heap:
 PSYoungGen      total 166912K, used 103053K [0x0000000795580000, 0x00000007a1980000, 0x00000007c0000000)
  eden space 133120K, 73% used [0x0000000795580000,0x000000079b4edbb8,0x000000079d780000)
  from space 33792K, 15% used [0x000000079f880000,0x000000079fdb5850,0x00000007a1980000)
  to   space 33792K, 0% used [0x000000079d780000,0x000000079d780000,0x000000079f880000)
 ParOldGen       total 87552K, used 58612K [0x0000000740000000, 0x0000000745580000, 0x0000000795580000)
  object space 87552K, 66% used [0x0000000740000000,0x000000074393d258,0x0000000745580000)
 Metaspace       used 19245K, capacity 19587K, committed 19840K, reserved 1067008K
  class space    used 1939K, capacity 2054K, committed 2176K, reserved 1048576K
GC Heap History (10 events):
Event: 2.878 GC heap before
{Heap before GC invocations=2 (full 0):
 PSYoungGen      total 38400K, used 38392K [0x0000000795580000, 0x0000000798000000, 0x00000007c0000000)
  eden space 33280K, 100% used [0x0000000795580000,0x0000000797600000,0x0000000797600000)
  from space 5120K, 99% used [0x0000000797600000,0x0000000797afe110,0x0000000797b00000)
  to   space 5120K, 0% used [0x0000000797b00000,0x0000000797b00000,0x0000000798000000)
 ParOldGen       total 87552K, used 90K [0x0000000740000000, 0x0000000745580000, 0x0000000795580000)
  object space 87552K, 0% used [0x0000000740000000,0x0000000740016b58,0x0000000745580000)
 Metaspace       used 17883K, capacity 18219K, committed 18432K, reserved 1064960K
  class space    used 1853K, capacity 1986K, committed 2048K, reserved 1048576K
Event: 2.892 GC heap after
Heap after GC invocations=2 (full 0):
 PSYoungGen      total 38400K, used 5113K [0x0000000795580000, 0x000000079a080000, 0x00000007c0000000)
  eden space 33280K, 0% used [0x0000000795580000,0x0000000795580000,0x0000000797600000)
  from space 5120K, 99% used [0x0000000797b00000,0x0000000797ffe7e8,0x0000000798000000)
  to   space 5120K, 0% used [0x0000000797600000,0x0000000797600000,0x0000000797b00000)
 ParOldGen       total 87552K, used 6613K [0x0000000740000000, 0x0000000745580000, 0x0000000795580000)
  object space 87552K, 7% used [0x0000000740000000,0x0000000740675490,0x0000000745580000)
 Metaspace       used 17883K, capacity 18219K, committed 18432K, reserved 1064960K
  class space    used 1853K, capacity 1986K, committed 2048K, reserved 1048576K
}
Event: 3.069 GC heap before
{Heap before GC invocations=3 (full 0):
 PSYoungGen      total 38400K, used 38393K [0x0000000795580000, 0x000000079a080000, 0x00000007c0000000)
  eden space 33280K, 100% used [0x0000000795580000,0x0000000797600000,0x0000000797600000)
  from space 5120K, 99% used [0x0000000797b00000,0x0000000797ffe7e8,0x0000000798000000)
  to   space 5120K, 0% used [0x0000000797600000,0x0000000797600000,0x0000000797b00000)
 ParOldGen       total 87552K, used 6613K [0x0000000740000000, 0x0000000745580000, 0x0000000795580000)
  object space 87552K, 7% used [0x0000000740000000,0x0000000740675490,0x0000000745580000)
 Metaspace       used 17929K, capacity 18283K, committed 18432K, reserved 1064960K
  class space    used 1857K, capacity 1986K, committed 2048K, reserved 1048576K
Event: 3.089 GC heap after
Heap after GC invocations=3 (full 0):
 PSYoungGen      total 38400K, used 5117K [0x0000000795580000, 0x000000079a080000, 0x00000007c0000000)
  eden space 33280K, 0% used [0x0000000795580000,0x0000000795580000,0x0000000797600000)
  from space 5120K, 99% used [0x0000000797600000,0x0000000797aff408,0x0000000797b00000)
  to   space 5120K, 0% used [0x0000000799b80000,0x0000000799b80000,0x000000079a080000)
 ParOldGen       total 87552K, used 21676K [0x0000000740000000, 0x0000000745580000, 0x0000000795580000)
  object space 87552K, 24% used [0x0000000740000000,0x000000074152b0e8,0x0000000745580000)
 Metaspace       used 17929K, capacity 18283K, committed 18432K, reserved 1064960K
  class space    used 1857K, capacity 1986K, committed 2048K, reserved 1048576K
}
Event: 3.130 GC heap before
{Heap before GC invocations=4 (full 0):
 PSYoungGen      total 38400K, used 38397K [0x0000000795580000, 0x000000079a080000, 0x00000007c0000000)
  eden space 33280K, 100% used [0x0000000795580000,0x0000000797600000,0x0000000797600000)
  from space 5120K, 99% used [0x0000000797600000,0x0000000797aff408,0x0000000797b00000)
  to   space 5120K, 0% used [0x0000000799b80000,0x0000000799b80000,0x000000079a080000)
 ParOldGen       total 87552K, used 21676K [0x0000000740000000, 0x0000000745580000, 0x0000000795580000)
  object space 87552K, 24% used [0x0000000740000000,0x000000074152b0e8,0x0000000745580000)
 Metaspace       used 17929K, capacity 18283K, committed 18432K, reserved 1064960K
  class space    used 1857K, capacity 1986K, committed 2048K, reserved 1048576K
Event: 3.161 GC heap after
Heap after GC invocations=4 (full 0):
 PSYoungGen      total 71680K, used 5089K [0x0000000795580000, 0x000000079a080000, 0x00000007c0000000)
  eden space 66560K, 0% used [0x0000000795580000,0x0000000795580000,0x0000000799680000)
  from space 5120K, 99% used [0x0000000799b80000,0x000000079a078780,0x000000079a080000)
  to   space 5120K, 0% used [0x0000000799680000,0x0000000799680000,0x0000000799b80000)
 ParOldGen       total 87552K, used 35110K [0x0000000740000000, 0x0000000745580000, 0x0000000795580000)
  object space 87552K, 40% used [0x0000000740000000,0x0000000742249a70,0x0000000745580000)
 Metaspace       used 17929K, capacity 18283K, committed 18432K, reserved 1064960K
  class space    used 1857K, capacity 1986K, committed 2048K, reserved 1048576K
}
Event: 3.846 GC heap before
{Heap before GC invocations=5 (full 0):
 PSYoungGen      total 71680K, used 71649K [0x0000000795580000, 0x000000079a080000, 0x00000007c0000000)
  eden space 66560K, 100% used [0x0000000795580000,0x0000000799680000,0x0000000799680000)
  from space 5120K, 99% used [0x0000000799b80000,0x000000079a078780,0x000000079a080000)
  to   space 5120K, 0% used [0x0000000799680000,0x0000000799680000,0x0000000799b80000)
 ParOldGen       total 87552K, used 35110K [0x0000000740000000, 0x0000000745580000, 0x0000000795580000)
  object space 87552K, 40% used [0x0000000740000000,0x0000000742249a70,0x0000000745580000)
 Metaspace       used 18438K, capacity 18835K, committed 18944K, reserved 1067008K
  class space    used 1894K, capacity 2020K, committed 2048K, reserved 1048576K
Event: 3.874 GC heap after
Heap after GC invocations=5 (full 0):
 PSYoungGen      total 71680K, used 5110K [0x0000000795580000, 0x00000007a1980000, 0x00000007c0000000)
  eden space 66560K, 0% used [0x0000000795580000,0x0000000795580000,0x0000000799680000)
  from space 5120K, 99% used [0x0000000799680000,0x0000000799b7d830,0x0000000799b80000)
  to   space 33792K, 0% used [0x000000079f880000,0x000000079f880000,0x00000007a1980000)
 ParOldGen       total 87552K, used 58612K [0x0000000740000000, 0x0000000745580000, 0x0000000795580000)
  object space 87552K, 66% used [0x0000000740000000,0x000000074393d258,0x0000000745580000)
 Metaspace       used 18438K, capacity 18835K, committed 18944K, reserved 1067008K
  class space    used 1894K, capacity 2020K, committed 2048K, reserved 1048576K
}
Event: 7.600 GC heap before
{Heap before GC invocations=6 (full 0):
 PSYoungGen      total 71680K, used 71670K [0x0000000795580000, 0x00000007a1980000, 0x00000007c0000000)
  eden space 66560K, 100% used [0x0000000795580000,0x0000000799680000,0x0000000799680000)
  from space 5120K, 99% used [0x0000000799680000,0x0000000799b7d830,0x0000000799b80000)
  to   space 33792K, 0% used [0x000000079f880000,0x000000079f880000,0x00000007a1980000)
 ParOldGen       total 87552K, used 58612K [0x0000000740000000, 0x0000000745580000, 0x0000000795580000)
  object space 87552K, 66% used [0x0000000740000000,0x000000074393d258,0x0000000745580000)
 Metaspace       used 19054K, capacity 19395K, committed 19584K, reserved 1067008K
  class space    used 1932K, capacity 2054K, committed 2176K, reserved 1048576K
Event: 7.613 GC heap after
Heap after GC invocations=6 (full 0):
 PSYoungGen      total 166912K, used 5334K [0x0000000795580000, 0x00000007a1980000, 0x00000007c0000000)
  eden space 133120K, 0% used [0x0000000795580000,0x0000000795580000,0x000000079d780000)
  from space 33792K, 15% used [0x000000079f880000,0x000000079fdb5850,0x00000007a1980000)
  to   space 33792K, 0% used [0x000000079d780000,0x000000079d780000,0x000000079f880000)
 ParOldGen       total 87552K, used 58612K [0x0000000740000000, 0x0000000745580000, 0x0000000795580000)
  object space 87552K, 66% used [0x0000000740000000,0x000000074393d258,0x0000000745580000)
 Metaspace       used 19054K, capacity 19395K, committed 19584K, reserved 1067008K
  class space    used 1932K, capacity 2054K, committed 2176K, reserved 1048576K
}

