# JRE version: Java(TM) SE Runtime Environment (8.0_131-b11) (build 1.8.0_131-b11)
# Java VM: Java HotSpot(TM) 64-Bit Server VM (25.131-b11 mixed mode bsd-amd64 compressed oops)
Heap:
 PSYoungGen      total 438784K, used 112492K [0x0000000795580000, 0x00000007b0f00000, 0x00000007c0000000)
  eden space 425472K, 26% used [0x0000000795580000,0x000000079c343028,0x00000007af500000)
  from space 13312K, 0% used [0x00000007b0200000,0x00000007b0218000,0x00000007b0f00000)
  to   space 13312K, 0% used [0x00000007af500000,0x00000007af500000,0x00000007b0200000)
 ParOldGen       total 87552K, used 15528K [0x0000000740000000, 0x0000000745580000, 0x0000000795580000)
  object space 87552K, 17% used [0x0000000740000000,0x0000000740f2a278,0x0000000745580000)
 Metaspace       used 19436K, capacity 19823K, committed 20096K, reserved 1067008K
  class space    used 1964K, capacity 2088K, committed 2176K, reserved 1048576K
GC Heap History (10 events):
Event: 3.761 GC heap before
{Heap before GC invocations=6 (full 0):
 PSYoungGen      total 71680K, used 71667K [0x0000000795580000, 0x000000079ef80000, 0x00000007c0000000)
  eden space 66560K, 100% used [0x0000000795580000,0x0000000799680000,0x0000000799680000)
  from space 5120K, 99% used [0x0000000799680000,0x0000000799b7cc90,0x0000000799b80000)
  to   space 12288K, 0% used [0x000000079e380000,0x000000079e380000,0x000000079ef80000)
 ParOldGen       total 87552K, used 10453K [0x0000000740000000, 0x0000000745580000, 0x0000000795580000)
  object space 87552K, 11% used [0x0000000740000000,0x0000000740a35718,0x0000000745580000)
 Metaspace       used 19183K, capacity 19471K, committed 19840K, reserved 1067008K
  class space    used 1955K, capacity 2056K, committed 2176K, reserved 1048576K
Event: 3.766 GC heap after
Heap after GC invocations=6 (full 0):
 PSYoungGen      total 145408K, used 5108K [0x0000000795580000, 0x000000079ef80000, 0x00000007c0000000)
  eden space 133120K, 0% used [0x0000000795580000,0x0000000795580000,0x000000079d780000)
  from space 12288K, 41% used [0x000000079e380000,0x000000079e87d3d0,0x000000079ef80000)
  to   space 12288K, 0% used [0x000000079d780000,0x000000079d780000,0x000000079e380000)
 ParOldGen       total 87552K, used 10453K [0x0000000740000000, 0x0000000745580000, 0x0000000795580000)
  object space 87552K, 11% used [0x0000000740000000,0x0000000740a35718,0x0000000745580000)
 Metaspace       used 19183K, capacity 19471K, committed 19840K, reserved 1067008K
  class space    used 1955K, capacity 2056K, committed 2176K, reserved 1048576K
}
Event: 4.092 GC heap before
{Heap before GC invocations=7 (full 0):
 PSYoungGen      total 145408K, used 138228K [0x0000000795580000, 0x000000079ef80000, 0x00000007c0000000)
  eden space 133120K, 100% used [0x0000000795580000,0x000000079d780000,0x000000079d780000)
  from space 12288K, 41% used [0x000000079e380000,0x000000079e87d3d0,0x000000079ef80000)
  to   space 12288K, 0% used [0x000000079d780000,0x000000079d780000,0x000000079e380000)
 ParOldGen       total 87552K, used 10453K [0x0000000740000000, 0x0000000745580000, 0x0000000795580000)
  object space 87552K, 11% used [0x0000000740000000,0x0000000740a35718,0x0000000745580000)
 Metaspace       used 19203K, capacity 19535K, committed 19840K, reserved 1067008K
  class space    used 1955K, capacity 2056K, committed 2176K, reserved 1048576K
Event: 4.099 GC heap after
Heap after GC invocations=7 (full 0):
 PSYoungGen      total 145408K, used 608K [0x0000000795580000, 0x00000007a7280000, 0x00000007c0000000)
  eden space 133120K, 0% used [0x0000000795580000,0x0000000795580000,0x000000079d780000)
  from space 12288K, 4% used [0x000000079d780000,0x000000079d818020,0x000000079e380000)
  to   space 12800K, 0% used [0x00000007a6600000,0x00000007a6600000,0x00000007a7280000)
 ParOldGen       total 87552K, used 14944K [0x0000000740000000, 0x0000000745580000, 0x0000000795580000)
  object space 87552K, 17% used [0x0000000740000000,0x0000000740e98258,0x0000000745580000)
 Metaspace       used 19203K, capacity 19535K, committed 19840K, reserved 1067008K
  class space    used 1955K, capacity 2056K, committed 2176K, reserved 1048576K
}
Event: 4.360 GC heap before
{Heap before GC invocations=8 (full 0):
 PSYoungGen      total 145408K, used 133728K [0x0000000795580000, 0x00000007a7280000, 0x00000007c0000000)
  eden space 133120K, 100% used [0x0000000795580000,0x000000079d780000,0x000000079d780000)
  from space 12288K, 4% used [0x000000079d780000,0x000000079d818020,0x000000079e380000)
  to   space 12800K, 0% used [0x00000007a6600000,0x00000007a6600000,0x00000007a7280000)
 ParOldGen       total 87552K, used 14944K [0x0000000740000000, 0x0000000745580000, 0x0000000795580000)
  object space 87552K, 17% used [0x0000000740000000,0x0000000740e98258,0x0000000745580000)
 Metaspace       used 19223K, capacity 19599K, committed 19840K, reserved 1067008K
  class space    used 1956K, capacity 2056K, committed 2176K, reserved 1048576K
Event: 4.362 GC heap after
Heap after GC invocations=8 (full 0):
 PSYoungGen      total 278528K, used 288K [0x0000000795580000, 0x00000007a7380000, 0x00000007c0000000)
  eden space 265728K, 0% used [0x0000000795580000,0x0000000795580000,0x00000007a5900000)
  from space 12800K, 2% used [0x00000007a6600000,0x00000007a6648000,0x00000007a7280000)
  to   space 13312K, 0% used [0x00000007a5900000,0x00000007a5900000,0x00000007a6600000)
 ParOldGen       total 87552K, used 15472K [0x0000000740000000, 0x0000000745580000, 0x0000000795580000)
  object space 87552K, 17% used [0x0000000740000000,0x0000000740f1c278,0x0000000745580000)
 Metaspace       used 19223K, capacity 19599K, committed 19840K, reserved 1067008K
  class space    used 1956K, capacity 2056K, committed 2176K, reserved 1048576K
}
Event: 5.030 GC heap before
{Heap before GC invocations=9 (full 0):
 PSYoungGen      total 278528K, used 266016K [0x0000000795580000, 0x00000007a7380000, 0x00000007c0000000)
  eden space 265728K, 100% used [0x0000000795580000,0x00000007a5900000,0x00000007a5900000)
  from space 12800K, 2% used [0x00000007a6600000,0x00000007a6648000,0x00000007a7280000)
  to   space 13312K, 0% used [0x00000007a5900000,0x00000007a5900000,0x00000007a6600000)
 ParOldGen       total 87552K, used 15472K [0x0000000740000000, 0x0000000745580000, 0x0000000795580000)
  object space 87552K, 17% used [0x0000000740000000,0x0000000740f1c278,0x0000000745580000)
 Metaspace       used 19308K, capacity 19663K, committed 19840K, reserved 1067008K
  class space    used 1956K, capacity 2056K, committed 2176K, reserved 1048576K
Event: 5.031 GC heap after
Heap after GC invocations=9 (full 0):
 PSYoungGen      total 279040K, used 192K [0x0000000795580000, 0x00000007b0f00000, 0x00000007c0000000)
  eden space 265728K, 0% used [0x0000000795580000,0x0000000795580000,0x00000007a5900000)
  from space 13312K, 1% used [0x00000007a5900000,0x00000007a5930000,0x00000007a6600000)
  to   space 13312K, 0% used [0x00000007b0200000,0x00000007b0200000,0x00000007b0f00000)
 ParOldGen       total 87552K, used 15504K [0x0000000740000000, 0x0000000745580000, 0x0000000795580000)
  object space 87552K, 17% used [0x0000000740000000,0x0000000740f24278,0x0000000745580000)
 Metaspace       used 19308K, capacity 19663K, committed 19840K, reserved 1067008K
  class space    used 1956K, capacity 2056K, committed 2176K, reserved 1048576K
}
Event: 5.466 GC heap before
{Heap before GC invocations=10 (full 0):
 PSYoungGen      total 279040K, used 265920K [0x0000000795580000, 0x00000007b0f00000, 0x00000007c0000000)
  eden space 265728K, 100% used [0x0000000795580000,0x00000007a5900000,0x00000007a5900000)
  from space 13312K, 1% used [0x00000007a5900000,0x00000007a5930000,0x00000007a6600000)
  to   space 13312K, 0% used [0x00000007b0200000,0x00000007b0200000,0x00000007b0f00000)
 ParOldGen       total 87552K, used 15504K [0x0000000740000000, 0x0000000745580000, 0x0000000795580000)
  object space 87552K, 17% used [0x0000000740000000,0x0000000740f24278,0x0000000745580000)
 Metaspace       used 19346K, capacity 19663K, committed 19840K, reserved 1067008K
  class space    used 1956K, capacity 2056K, committed 2176K, reserved 1048576K
Event: 5.468 GC heap after
Heap after GC invocations=10 (full 0):
 PSYoungGen      total 438784K, used 96K [0x0000000795580000, 0x00000007b0f00000, 0x00000007c0000000)
  eden space 425472K, 0% used [0x0000000795580000,0x0000000795580000,0x00000007af500000)
  from space 13312K, 0% used [0x00000007b0200000,0x00000007b0218000,0x00000007b0f00000)
  to   space 13312K, 0% used [0x00000007af500000,0x00000007af500000,0x00000007b0200000)
 ParOldGen       total 87552K, used 15528K [0x0000000740000000, 0x0000000745580000, 0x0000000795580000)
  object space 87552K, 17% used [0x0000000740000000,0x0000000740f2a278,0x0000000745580000)
 Metaspace       used 19346K, capacity 19663K, committed 19840K, reserved 1067008K
  class space    used 1956K, capacity 2056K, committed 2176K, reserved 1048576K
}

