# JRE version: Java(TM) SE Runtime Environment (8.0_131-b11) (build 1.8.0_131-b11)
# Java VM: Java HotSpot(TM) 64-Bit Server VM (25.131-b11 mixed mode bsd-amd64 compressed oops)
Heap:
 PSYoungGen      total 25600K, used 24141K [0x0000000795580000, 0x00000007b2780000, 0x00000007c0000000)
  eden space 25088K, 95% used [0x0000000795580000,0x0000000796cfb778,0x0000000796e00000)
  from space 512K, 18% used [0x00000007b2680000,0x00000007b2698000,0x00000007b2700000)
  to   space 512K, 0% used [0x00000007b2700000,0x00000007b2700000,0x00000007b2780000)
 ParOldGen       total 88576K, used 37686K [0x0000000740000000, 0x0000000745680000, 0x0000000795580000)
  object space 88576K, 42% used [0x0000000740000000,0x00000007424cdbb0,0x0000000745680000)
 Metaspace       used 27911K, capacity 28235K, committed 28544K, reserved 1075200K
  class space    used 2228K, capacity 2341K, committed 2432K, reserved 1048576K
GC Heap History (10 events):
Event: 1143.400 GC heap before
{Heap before GC invocations=1254 (full 1):
 PSYoungGen      total 25600K, used 25216K [0x0000000795580000, 0x00000007b2780000, 0x00000007c0000000)
  eden space 25088K, 100% used [0x0000000795580000,0x0000000796e00000,0x0000000796e00000)
  from space 512K, 25% used [0x00000007b2700000,0x00000007b2720000,0x00000007b2780000)
  to   space 512K, 0% used [0x00000007b2680000,0x00000007b2680000,0x00000007b2700000)
 ParOldGen       total 88576K, used 37686K [0x0000000740000000, 0x0000000745680000, 0x0000000795580000)
  object space 88576K, 42% used [0x0000000740000000,0x00000007424cdbb0,0x0000000745680000)
 Metaspace       used 27862K, capacity 28203K, committed 28544K, reserved 1075200K
  class space    used 2220K, capacity 2309K, committed 2432K, reserved 1048576K
Event: 1143.403 GC heap after
Heap after GC invocations=1254 (full 1):
 PSYoungGen      total 25600K, used 96K [0x0000000795580000, 0x00000007b2780000, 0x00000007c0000000)
  eden space 25088K, 0% used [0x0000000795580000,0x0000000795580000,0x0000000796e00000)
  from space 512K, 18% used [0x00000007b2680000,0x00000007b2698000,0x00000007b2700000)
  to   space 512K, 0% used [0x00000007b2700000,0x00000007b2700000,0x00000007b2780000)
 ParOldGen       total 88576K, used 37686K [0x0000000740000000, 0x0000000745680000, 0x0000000795580000)
  object space 88576K, 42% used [0x0000000740000000,0x00000007424cdbb0,0x0000000745680000)
 Metaspace       used 27862K, capacity 28203K, committed 28544K, reserved 1075200K
  class space    used 2220K, capacity 2309K, committed 2432K, reserved 1048576K
}
Event: 1143.937 GC heap before
{Heap before GC invocations=1255 (full 1):
 PSYoungGen      total 25600K, used 25184K [0x0000000795580000, 0x00000007b2780000, 0x00000007c0000000)
  eden space 25088K, 100% used [0x0000000795580000,0x0000000796e00000,0x0000000796e00000)
  from space 512K, 18% used [0x00000007b2680000,0x00000007b2698000,0x00000007b2700000)
  to   space 512K, 0% used [0x00000007b2700000,0x00000007b2700000,0x00000007b2780000)
 ParOldGen       total 88576K, used 37686K [0x0000000740000000, 0x0000000745680000, 0x0000000795580000)
  object space 88576K, 42% used [0x0000000740000000,0x00000007424cdbb0,0x0000000745680000)
 Metaspace       used 27862K, capacity 28203K, committed 28544K, reserved 1075200K
  class space    used 2220K, capacity 2309K, committed 2432K, reserved 1048576K
Event: 1143.938 GC heap after
Heap after GC invocations=1255 (full 1):
 PSYoungGen      total 25600K, used 96K [0x0000000795580000, 0x00000007b2780000, 0x00000007c0000000)
  eden space 25088K, 0% used [0x0000000795580000,0x0000000795580000,0x0000000796e00000)
  from space 512K, 18% used [0x00000007b2700000,0x00000007b2718000,0x00000007b2780000)
  to   space 512K, 0% used [0x00000007b2680000,0x00000007b2680000,0x00000007b2700000)
 ParOldGen       total 88576K, used 37686K [0x0000000740000000, 0x0000000745680000, 0x0000000795580000)
  object space 88576K, 42% used [0x0000000740000000,0x00000007424cdbb0,0x0000000745680000)
 Metaspace       used 27862K, capacity 28203K, committed 28544K, reserved 1075200K
  class space    used 2220K, capacity 2309K, committed 2432K, reserved 1048576K
}
Event: 1144.463 GC heap before
{Heap before GC invocations=1256 (full 1):
 PSYoungGen      total 25600K, used 25184K [0x0000000795580000, 0x00000007b2780000, 0x00000007c0000000)
  eden space 25088K, 100% used [0x0000000795580000,0x0000000796e00000,0x0000000796e00000)
  from space 512K, 18% used [0x00000007b2700000,0x00000007b2718000,0x00000007b2780000)
  to   space 512K, 0% used [0x00000007b2680000,0x00000007b2680000,0x00000007b2700000)
 ParOldGen       total 88576K, used 37686K [0x0000000740000000, 0x0000000745680000, 0x0000000795580000)
  object space 88576K, 42% used [0x0000000740000000,0x00000007424cdbb0,0x0000000745680000)
 Metaspace       used 27862K, capacity 28203K, committed 28544K, reserved 1075200K
  class space    used 2220K, capacity 2309K, committed 2432K, reserved 1048576K
Event: 1144.465 GC heap after
Heap after GC invocations=1256 (full 1):
 PSYoungGen      total 25600K, used 64K [0x0000000795580000, 0x00000007b2780000, 0x00000007c0000000)
  eden space 25088K, 0% used [0x0000000795580000,0x0000000795580000,0x0000000796e00000)
  from space 512K, 12% used [0x00000007b2680000,0x00000007b2690000,0x00000007b2700000)
  to   space 512K, 0% used [0x00000007b2700000,0x00000007b2700000,0x00000007b2780000)
 ParOldGen       total 88576K, used 37686K [0x0000000740000000, 0x0000000745680000, 0x0000000795580000)
  object space 88576K, 42% used [0x0000000740000000,0x00000007424cdbb0,0x0000000745680000)
 Metaspace       used 27862K, capacity 28203K, committed 28544K, reserved 1075200K
  class space    used 2220K, capacity 2309K, committed 2432K, reserved 1048576K
}
Event: 1144.889 GC heap before
{Heap before GC invocations=1257 (full 1):
 PSYoungGen      total 25600K, used 25152K [0x0000000795580000, 0x00000007b2780000, 0x00000007c0000000)
  eden space 25088K, 100% used [0x0000000795580000,0x0000000796e00000,0x0000000796e00000)
  from space 512K, 12% used [0x00000007b2680000,0x00000007b2690000,0x00000007b2700000)
  to   space 512K, 0% used [0x00000007b2700000,0x00000007b2700000,0x00000007b2780000)
 ParOldGen       total 88576K, used 37686K [0x0000000740000000, 0x0000000745680000, 0x0000000795580000)
  object space 88576K, 42% used [0x0000000740000000,0x00000007424cdbb0,0x0000000745680000)
 Metaspace       used 27863K, capacity 28203K, committed 28544K, reserved 1075200K
  class space    used 2220K, capacity 2309K, committed 2432K, reserved 1048576K
Event: 1144.891 GC heap after
Heap after GC invocations=1257 (full 1):
 PSYoungGen      total 25600K, used 64K [0x0000000795580000, 0x00000007b2780000, 0x00000007c0000000)
  eden space 25088K, 0% used [0x0000000795580000,0x0000000795580000,0x0000000796e00000)
  from space 512K, 12% used [0x00000007b2700000,0x00000007b2710000,0x00000007b2780000)
  to   space 512K, 0% used [0x00000007b2680000,0x00000007b2680000,0x00000007b2700000)
 ParOldGen       total 88576K, used 37686K [0x0000000740000000, 0x0000000745680000, 0x0000000795580000)
  object space 88576K, 42% used [0x0000000740000000,0x00000007424cdbb0,0x0000000745680000)
 Metaspace       used 27863K, capacity 28203K, committed 28544K, reserved 1075200K
  class space    used 2220K, capacity 2309K, committed 2432K, reserved 1048576K
}
Event: 1145.341 GC heap before
{Heap before GC invocations=1258 (full 1):
 PSYoungGen      total 25600K, used 25152K [0x0000000795580000, 0x00000007b2780000, 0x00000007c0000000)
  eden space 25088K, 100% used [0x0000000795580000,0x0000000796e00000,0x0000000796e00000)
  from space 512K, 12% used [0x00000007b2700000,0x00000007b2710000,0x00000007b2780000)
  to   space 512K, 0% used [0x00000007b2680000,0x00000007b2680000,0x00000007b2700000)
 ParOldGen       total 88576K, used 37686K [0x0000000740000000, 0x0000000745680000, 0x0000000795580000)
  object space 88576K, 42% used [0x0000000740000000,0x00000007424cdbb0,0x0000000745680000)
 Metaspace       used 27863K, capacity 28203K, committed 28544K, reserved 1075200K
  class space    used 2220K, capacity 2309K, committed 2432K, reserved 1048576K
Event: 1145.343 GC heap after
Heap after GC invocations=1258 (full 1):
 PSYoungGen      total 25600K, used 96K [0x0000000795580000, 0x00000007b2780000, 0x00000007c0000000)
  eden space 25088K, 0% used [0x0000000795580000,0x0000000795580000,0x0000000796e00000)
  from space 512K, 18% used [0x00000007b2680000,0x00000007b2698000,0x00000007b2700000)
  to   space 512K, 0% used [0x00000007b2700000,0x00000007b2700000,0x00000007b2780000)
 ParOldGen       total 88576K, used 37686K [0x0000000740000000, 0x0000000745680000, 0x0000000795580000)
  object space 88576K, 42% used [0x0000000740000000,0x00000007424cdbb0,0x0000000745680000)
 Metaspace       used 27863K, capacity 28203K, committed 28544K, reserved 1075200K
  class space    used 2220K, capacity 2309K, committed 2432K, reserved 1048576K
}

