# JRE version: Java(TM) SE Runtime Environment (8.0_131-b11) (build 1.8.0_131-b11)
# Java VM: Java HotSpot(TM) 64-Bit Server VM (25.131-b11 mixed mode bsd-amd64 compressed oops)
Heap:
 PSYoungGen      total 584192K, used 256200K [0x0000000795580000, 0x00000007bd480000, 0x00000007c0000000)
  eden space 562688K, 43% used [0x0000000795580000,0x00000007a42b9e50,0x00000007b7b00000)
  from space 21504K, 61% used [0x00000007b7b00000,0x00000007b87f8340,0x00000007b9000000)
  to   space 22016K, 0% used [0x00000007bbf00000,0x00000007bbf00000,0x00000007bd480000)
 ParOldGen       total 91648K, used 22386K [0x0000000740000000, 0x0000000745980000, 0x0000000795580000)
  object space 91648K, 24% used [0x0000000740000000,0x00000007415dc9c0,0x0000000745980000)
 Metaspace       used 21766K, capacity 22107K, committed 22272K, reserved 1069056K
  class space    used 2137K, capacity 2248K, committed 2304K, reserved 1048576K
GC Heap History (10 events):
Event: 21.999 GC heap before
{Heap before GC invocations=18 (full 1):
 PSYoungGen      total 496640K, used 486080K [0x0000000795580000, 0x00000007b5c00000, 0x00000007c0000000)
  eden space 481792K, 100% used [0x0000000795580000,0x00000007b2c00000,0x00000007b2c00000)
  from space 14848K, 28% used [0x00000007b4d80000,0x00000007b51b0100,0x00000007b5c00000)
  to   space 24576K, 0% used [0x00000007b2c00000,0x00000007b2c00000,0x00000007b4400000)
 ParOldGen       total 91648K, used 22354K [0x0000000740000000, 0x0000000745980000, 0x0000000795580000)
  object space 91648K, 24% used [0x0000000740000000,0x00000007415d49c0,0x0000000745980000)
 Metaspace       used 21576K, capacity 21915K, committed 22016K, reserved 1069056K
  class space    used 2129K, capacity 2248K, committed 2304K, reserved 1048576K
Event: 22.003 GC heap after
Heap after GC invocations=18 (full 1):
 PSYoungGen      total 506368K, used 5584K [0x0000000795580000, 0x00000007b8200000, 0x00000007c0000000)
  eden space 481792K, 0% used [0x0000000795580000,0x0000000795580000,0x00000007b2c00000)
  from space 24576K, 22% used [0x00000007b2c00000,0x00000007b3174170,0x00000007b4400000)
  to   space 23040K, 0% used [0x00000007b6b80000,0x00000007b6b80000,0x00000007b8200000)
 ParOldGen       total 91648K, used 22362K [0x0000000740000000, 0x0000000745980000, 0x0000000795580000)
  object space 91648K, 24% used [0x0000000740000000,0x00000007415d69c0,0x0000000745980000)
 Metaspace       used 21576K, capacity 21915K, committed 22016K, reserved 1069056K
  class space    used 2129K, capacity 2248K, committed 2304K, reserved 1048576K
}
Event: 24.340 GC heap before
{Heap before GC invocations=19 (full 1):
 PSYoungGen      total 506368K, used 487376K [0x0000000795580000, 0x00000007b8200000, 0x00000007c0000000)
  eden space 481792K, 100% used [0x0000000795580000,0x00000007b2c00000,0x00000007b2c00000)
  from space 24576K, 22% used [0x00000007b2c00000,0x00000007b3174170,0x00000007b4400000)
  to   space 23040K, 0% used [0x00000007b6b80000,0x00000007b6b80000,0x00000007b8200000)
 ParOldGen       total 91648K, used 22362K [0x0000000740000000, 0x0000000745980000, 0x0000000795580000)
  object space 91648K, 24% used [0x0000000740000000,0x00000007415d69c0,0x0000000745980000)
 Metaspace       used 21619K, capacity 21979K, committed 22272K, reserved 1069056K
  class space    used 2129K, capacity 2248K, committed 2304K, reserved 1048576K
Event: 24.347 GC heap after
Heap after GC invocations=19 (full 1):
 PSYoungGen      total 543744K, used 5488K [0x0000000795580000, 0x00000007b7f00000, 0x00000007c0000000)
  eden space 523776K, 0% used [0x0000000795580000,0x0000000795580000,0x00000007b5500000)
  from space 19968K, 27% used [0x00000007b6b80000,0x00000007b70dc170,0x00000007b7f00000)
  to   space 21504K, 0% used [0x00000007b5500000,0x00000007b5500000,0x00000007b6a00000)
 ParOldGen       total 91648K, used 22370K [0x0000000740000000, 0x0000000745980000, 0x0000000795580000)
  object space 91648K, 24% used [0x0000000740000000,0x00000007415d89c0,0x0000000745980000)
 Metaspace       used 21619K, capacity 21979K, committed 22272K, reserved 1069056K
  class space    used 2129K, capacity 2248K, committed 2304K, reserved 1048576K
}
Event: 27.115 GC heap before
{Heap before GC invocations=20 (full 1):
 PSYoungGen      total 543744K, used 529264K [0x0000000795580000, 0x00000007b7f00000, 0x00000007c0000000)
  eden space 523776K, 100% used [0x0000000795580000,0x00000007b5500000,0x00000007b5500000)
  from space 19968K, 27% used [0x00000007b6b80000,0x00000007b70dc170,0x00000007b7f00000)
  to   space 21504K, 0% used [0x00000007b5500000,0x00000007b5500000,0x00000007b6a00000)
 ParOldGen       total 91648K, used 22370K [0x0000000740000000, 0x0000000745980000, 0x0000000795580000)
  object space 91648K, 24% used [0x0000000740000000,0x00000007415d89c0,0x0000000745980000)
 Metaspace       used 21700K, capacity 22043K, committed 22272K, reserved 1069056K
  class space    used 2129K, capacity 2248K, committed 2304K, reserved 1048576K
Event: 27.118 GC heap after
Heap after GC invocations=20 (full 1):
 PSYoungGen      total 545280K, used 5824K [0x0000000795580000, 0x00000007ba380000, 0x00000007c0000000)
  eden space 523776K, 0% used [0x0000000795580000,0x0000000795580000,0x00000007b5500000)
  from space 21504K, 27% used [0x00000007b5500000,0x00000007b5ab0190,0x00000007b6a00000)
  to   space 19968K, 0% used [0x00000007b9000000,0x00000007b9000000,0x00000007ba380000)
 ParOldGen       total 91648K, used 22378K [0x0000000740000000, 0x0000000745980000, 0x0000000795580000)
  object space 91648K, 24% used [0x0000000740000000,0x00000007415da9c0,0x0000000745980000)
 Metaspace       used 21700K, capacity 22043K, committed 22272K, reserved 1069056K
  class space    used 2129K, capacity 2248K, committed 2304K, reserved 1048576K
}
Event: 29.326 GC heap before
{Heap before GC invocations=21 (full 1):
 PSYoungGen      total 545280K, used 529600K [0x0000000795580000, 0x00000007ba380000, 0x00000007c0000000)
  eden space 523776K, 100% used [0x0000000795580000,0x00000007b5500000,0x00000007b5500000)
  from space 21504K, 27% used [0x00000007b5500000,0x00000007b5ab0190,0x00000007b6a00000)
  to   space 19968K, 0% used [0x00000007b9000000,0x00000007b9000000,0x00000007ba380000)
 ParOldGen       total 91648K, used 22378K [0x0000000740000000, 0x0000000745980000, 0x0000000795580000)
  object space 91648K, 24% used [0x0000000740000000,0x00000007415da9c0,0x0000000745980000)
 Metaspace       used 21726K, capacity 22107K, committed 22272K, reserved 1069056K
  class space    used 2129K, capacity 2248K, committed 2304K, reserved 1048576K
Event: 29.332 GC heap after
Heap after GC invocations=21 (full 1):
 PSYoungGen      total 582656K, used 13296K [0x0000000795580000, 0x00000007ba800000, 0x00000007c0000000)
  eden space 562688K, 0% used [0x0000000795580000,0x0000000795580000,0x00000007b7b00000)
  from space 19968K, 66% used [0x00000007b9000000,0x00000007b9cfc350,0x00000007ba380000)
  to   space 21504K, 0% used [0x00000007b7b00000,0x00000007b7b00000,0x00000007b9000000)
 ParOldGen       total 91648K, used 22386K [0x0000000740000000, 0x0000000745980000, 0x0000000795580000)
  object space 91648K, 24% used [0x0000000740000000,0x00000007415dc9c0,0x0000000745980000)
 Metaspace       used 21726K, capacity 22107K, committed 22272K, reserved 1069056K
  class space    used 2129K, capacity 2248K, committed 2304K, reserved 1048576K
}
Event: 32.046 GC heap before
{Heap before GC invocations=22 (full 1):
 PSYoungGen      total 582656K, used 575984K [0x0000000795580000, 0x00000007ba800000, 0x00000007c0000000)
  eden space 562688K, 100% used [0x0000000795580000,0x00000007b7b00000,0x00000007b7b00000)
  from space 19968K, 66% used [0x00000007b9000000,0x00000007b9cfc350,0x00000007ba380000)
  to   space 21504K, 0% used [0x00000007b7b00000,0x00000007b7b00000,0x00000007b9000000)
 ParOldGen       total 91648K, used 22386K [0x0000000740000000, 0x0000000745980000, 0x0000000795580000)
  object space 91648K, 24% used [0x0000000740000000,0x00000007415dc9c0,0x0000000745980000)
 Metaspace       used 21728K, capacity 22107K, committed 22272K, reserved 1069056K
  class space    used 2129K, capacity 2248K, committed 2304K, reserved 1048576K
Event: 32.054 GC heap after
Heap after GC invocations=22 (full 1):
 PSYoungGen      total 584192K, used 13280K [0x0000000795580000, 0x00000007bd480000, 0x00000007c0000000)
  eden space 562688K, 0% used [0x0000000795580000,0x0000000795580000,0x00000007b7b00000)
  from space 21504K, 61% used [0x00000007b7b00000,0x00000007b87f8340,0x00000007b9000000)
  to   space 22016K, 0% used [0x00000007bbf00000,0x00000007bbf00000,0x00000007bd480000)
 ParOldGen       total 91648K, used 22386K [0x0000000740000000, 0x0000000745980000, 0x0000000795580000)
  object space 91648K, 24% used [0x0000000740000000,0x00000007415dc9c0,0x0000000745980000)
 Metaspace       used 21728K, capacity 22107K, committed 22272K, reserved 1069056K
  class space    used 2129K, capacity 2248K, committed 2304K, reserved 1048576K
}

