# JRE version: Java(TM) SE Runtime Environment (8.0_131-b11) (build 1.8.0_131-b11)
# Java VM: Java HotSpot(TM) 64-Bit Server VM (25.131-b11 mixed mode bsd-amd64 compressed oops)
Heap:
 PSYoungGen      total 55808K, used 33600K [0x0000000795580000, 0x0000000799d00000, 0x00000007c0000000)
  eden space 41472K, 80% used [0x0000000795580000,0x00000007976282c8,0x0000000797e00000)
  from space 14336K, 1% used [0x0000000798f00000,0x0000000798f28000,0x0000000799d00000)
  to   space 15872K, 0% used [0x0000000797e00000,0x0000000797e00000,0x0000000798d80000)
 ParOldGen       total 78336K, used 16319K [0x0000000740000000, 0x0000000744c80000, 0x0000000795580000)
  object space 78336K, 20% used [0x0000000740000000,0x0000000740fefc70,0x0000000744c80000)
 Metaspace       used 21529K, capacity 21875K, committed 22016K, reserved 1069056K
  class space    used 2111K, capacity 2216K, committed 2304K, reserved 1048576K
GC Heap History (10 events):
Event: 4.440 GC heap before
{Heap before GC invocations=3 (full 0):
 PSYoungGen      total 38400K, used 29879K [0x0000000795580000, 0x0000000798000000, 0x00000007c0000000)
  eden space 33280K, 74% used [0x0000000795580000,0x0000000796dae968,0x0000000797600000)
  from space 5120K, 99% used [0x0000000797b00000,0x0000000797fff500,0x0000000798000000)
  to   space 5120K, 0% used [0x0000000797600000,0x0000000797600000,0x0000000797b00000)
 ParOldGen       total 87552K, used 8320K [0x0000000740000000, 0x0000000745580000, 0x0000000795580000)
  object space 87552K, 9% used [0x0000000740000000,0x00000007408200b8,0x0000000745580000)
 Metaspace       used 20771K, capacity 21101K, committed 21248K, reserved 1069056K
  class space    used 2103K, capacity 2215K, committed 2304K, reserved 1048576K
Event: 4.446 GC heap after
Heap after GC invocations=3 (full 0):
 PSYoungGen      total 38400K, used 5117K [0x0000000795580000, 0x0000000798000000, 0x00000007c0000000)
  eden space 33280K, 0% used [0x0000000795580000,0x0000000795580000,0x0000000797600000)
  from space 5120K, 99% used [0x0000000797600000,0x0000000797aff460,0x0000000797b00000)
  to   space 5120K, 0% used [0x0000000797b00000,0x0000000797b00000,0x0000000798000000)
 ParOldGen       total 87552K, used 12752K [0x0000000740000000, 0x0000000745580000, 0x0000000795580000)
  object space 87552K, 14% used [0x0000000740000000,0x0000000740c74310,0x0000000745580000)
 Metaspace       used 20771K, capacity 21101K, committed 21248K, reserved 1069056K
  class space    used 2103K, capacity 2215K, committed 2304K, reserved 1048576K
}
Event: 4.446 GC heap before
{Heap before GC invocations=4 (full 1):
 PSYoungGen      total 38400K, used 5117K [0x0000000795580000, 0x0000000798000000, 0x00000007c0000000)
  eden space 33280K, 0% used [0x0000000795580000,0x0000000795580000,0x0000000797600000)
  from space 5120K, 99% used [0x0000000797600000,0x0000000797aff460,0x0000000797b00000)
  to   space 5120K, 0% used [0x0000000797b00000,0x0000000797b00000,0x0000000798000000)
 ParOldGen       total 87552K, used 12752K [0x0000000740000000, 0x0000000745580000, 0x0000000795580000)
  object space 87552K, 14% used [0x0000000740000000,0x0000000740c74310,0x0000000745580000)
 Metaspace       used 20771K, capacity 21101K, committed 21248K, reserved 1069056K
  class space    used 2103K, capacity 2215K, committed 2304K, reserved 1048576K
Event: 4.492 GC heap after
Heap after GC invocations=4 (full 1):
 PSYoungGen      total 38400K, used 0K [0x0000000795580000, 0x0000000798000000, 0x00000007c0000000)
  eden space 33280K, 0% used [0x0000000795580000,0x0000000795580000,0x0000000797600000)
  from space 5120K, 0% used [0x0000000797600000,0x0000000797600000,0x0000000797b00000)
  to   space 5120K, 0% used [0x0000000797b00000,0x0000000797b00000,0x0000000798000000)
 ParOldGen       total 78336K, used 16303K [0x0000000740000000, 0x0000000744c80000, 0x0000000795580000)
  object space 78336K, 20% used [0x0000000740000000,0x0000000740febc70,0x0000000744c80000)
 Metaspace       used 20771K, capacity 21101K, committed 21248K, reserved 1069056K
  class space    used 2103K, capacity 2215K, committed 2304K, reserved 1048576K
}
Event: 7.962 GC heap before
{Heap before GC invocations=5 (full 1):
 PSYoungGen      total 38400K, used 33280K [0x0000000795580000, 0x0000000798000000, 0x00000007c0000000)
  eden space 33280K, 100% used [0x0000000795580000,0x0000000797600000,0x0000000797600000)
  from space 5120K, 0% used [0x0000000797600000,0x0000000797600000,0x0000000797b00000)
  to   space 5120K, 0% used [0x0000000797b00000,0x0000000797b00000,0x0000000798000000)
 ParOldGen       total 78336K, used 16303K [0x0000000740000000, 0x0000000744c80000, 0x0000000795580000)
  object space 78336K, 20% used [0x0000000740000000,0x0000000740febc70,0x0000000744c80000)
 Metaspace       used 21058K, capacity 21421K, committed 21760K, reserved 1069056K
  class space    used 2103K, capacity 2215K, committed 2304K, reserved 1048576K
Event: 7.963 GC heap after
Heap after GC invocations=5 (full 1):
 PSYoungGen      total 38400K, used 128K [0x0000000795580000, 0x0000000798b00000, 0x00000007c0000000)
  eden space 33280K, 0% used [0x0000000795580000,0x0000000795580000,0x0000000797600000)
  from space 5120K, 2% used [0x0000000797b00000,0x0000000797b20000,0x0000000798000000)
  to   space 5120K, 0% used [0x0000000797600000,0x0000000797600000,0x0000000797b00000)
 ParOldGen       total 78336K, used 16303K [0x0000000740000000, 0x0000000744c80000, 0x0000000795580000)
  object space 78336K, 20% used [0x0000000740000000,0x0000000740febc70,0x0000000744c80000)
 Metaspace       used 21058K, capacity 21421K, committed 21760K, reserved 1069056K
  class space    used 2103K, capacity 2215K, committed 2304K, reserved 1048576K
}
Event: 11.467 GC heap before
{Heap before GC invocations=6 (full 1):
 PSYoungGen      total 38400K, used 33408K [0x0000000795580000, 0x0000000798b00000, 0x00000007c0000000)
  eden space 33280K, 100% used [0x0000000795580000,0x0000000797600000,0x0000000797600000)
  from space 5120K, 2% used [0x0000000797b00000,0x0000000797b20000,0x0000000798000000)
  to   space 5120K, 0% used [0x0000000797600000,0x0000000797600000,0x0000000797b00000)
 ParOldGen       total 78336K, used 16303K [0x0000000740000000, 0x0000000744c80000, 0x0000000795580000)
  object space 78336K, 20% used [0x0000000740000000,0x0000000740febc70,0x0000000744c80000)
 Metaspace       used 21246K, capacity 21613K, committed 21760K, reserved 1069056K
  class space    used 2103K, capacity 2215K, committed 2304K, reserved 1048576K
Event: 11.471 GC heap after
Heap after GC invocations=6 (full 1):
 PSYoungGen      total 38400K, used 96K [0x0000000795580000, 0x0000000799e80000, 0x00000007c0000000)
  eden space 33280K, 0% used [0x0000000795580000,0x0000000795580000,0x0000000797600000)
  from space 5120K, 1% used [0x0000000797600000,0x0000000797618000,0x0000000797b00000)
  to   space 15872K, 0% used [0x0000000798f00000,0x0000000798f00000,0x0000000799e80000)
 ParOldGen       total 78336K, used 16311K [0x0000000740000000, 0x0000000744c80000, 0x0000000795580000)
  object space 78336K, 20% used [0x0000000740000000,0x0000000740fedc70,0x0000000744c80000)
 Metaspace       used 21246K, capacity 21613K, committed 21760K, reserved 1069056K
  class space    used 2103K, capacity 2215K, committed 2304K, reserved 1048576K
}
Event: 14.897 GC heap before
{Heap before GC invocations=7 (full 1):
 PSYoungGen      total 38400K, used 33376K [0x0000000795580000, 0x0000000799e80000, 0x00000007c0000000)
  eden space 33280K, 100% used [0x0000000795580000,0x0000000797600000,0x0000000797600000)
  from space 5120K, 1% used [0x0000000797600000,0x0000000797618000,0x0000000797b00000)
  to   space 15872K, 0% used [0x0000000798f00000,0x0000000798f00000,0x0000000799e80000)
 ParOldGen       total 78336K, used 16311K [0x0000000740000000, 0x0000000744c80000, 0x0000000795580000)
  object space 78336K, 20% used [0x0000000740000000,0x0000000740fedc70,0x0000000744c80000)
 Metaspace       used 21491K, capacity 21811K, committed 22016K, reserved 1069056K
  class space    used 2103K, capacity 2216K, committed 2304K, reserved 1048576K
Event: 14.898 GC heap after
Heap after GC invocations=7 (full 1):
 PSYoungGen      total 55808K, used 160K [0x0000000795580000, 0x0000000799d00000, 0x00000007c0000000)
  eden space 41472K, 0% used [0x0000000795580000,0x0000000795580000,0x0000000797e00000)
  from space 14336K, 1% used [0x0000000798f00000,0x0000000798f28000,0x0000000799d00000)
  to   space 15872K, 0% used [0x0000000797e00000,0x0000000797e00000,0x0000000798d80000)
 ParOldGen       total 78336K, used 16319K [0x0000000740000000, 0x0000000744c80000, 0x0000000795580000)
  object space 78336K, 20% used [0x0000000740000000,0x0000000740fefc70,0x0000000744c80000)
 Metaspace       used 21491K, capacity 21811K, committed 22016K, reserved 1069056K
  class space    used 2103K, capacity 2216K, committed 2304K, reserved 1048576K
}

