# JRE version: Java(TM) SE Runtime Environment (8.0_131-b11) (build 1.8.0_131-b11)
# Java VM: Java HotSpot(TM) 64-Bit Server VM (25.131-b11 mixed mode bsd-amd64 compressed oops)
Heap:
 PSYoungGen      total 38400K, used 29131K [0x0000000795580000, 0x0000000798d00000, 0x00000007c0000000)
  eden space 33280K, 72% used [0x0000000795580000,0x0000000796cfab98,0x0000000797600000)
  from space 5120K, 99% used [0x0000000797600000,0x0000000797af8120,0x0000000797b00000)
  to   space 5120K, 0% used [0x0000000798800000,0x0000000798800000,0x0000000798d00000)
 ParOldGen       total 66560K, used 16065K [0x0000000740000000, 0x0000000744100000, 0x0000000795580000)
  object space 66560K, 24% used [0x0000000740000000,0x0000000740fb0678,0x0000000744100000)
 Metaspace       used 24293K, capacity 24649K, committed 24880K, reserved 1071104K
  class space    used 2450K, capacity 2555K, committed 2608K, reserved 1048576K
GC Heap History (8 events):
Event: 2.182 GC heap before
{Heap before GC invocations=1 (full 0):
 PSYoungGen      total 38400K, used 33280K [0x0000000795580000, 0x0000000798000000, 0x00000007c0000000)
  eden space 33280K, 100% used [0x0000000795580000,0x0000000797600000,0x0000000797600000)
  from space 5120K, 0% used [0x0000000797b00000,0x0000000797b00000,0x0000000798000000)
  to   space 5120K, 0% used [0x0000000797600000,0x0000000797600000,0x0000000797b00000)
 ParOldGen       total 87552K, used 0K [0x0000000740000000, 0x0000000745580000, 0x0000000795580000)
  object space 87552K, 0% used [0x0000000740000000,0x0000000740000000,0x0000000745580000)
 Metaspace       used 16418K, capacity 16751K, committed 17024K, reserved 1064960K
  class space    used 1701K, capacity 1794K, committed 1920K, reserved 1048576K
Event: 2.187 GC heap after
Heap after GC invocations=1 (full 0):
 PSYoungGen      total 38400K, used 5112K [0x0000000795580000, 0x0000000798000000, 0x00000007c0000000)
  eden space 33280K, 0% used [0x0000000795580000,0x0000000795580000,0x0000000797600000)
  from space 5120K, 99% used [0x0000000797600000,0x0000000797afe270,0x0000000797b00000)
  to   space 5120K, 0% used [0x0000000797b00000,0x0000000797b00000,0x0000000798000000)
 ParOldGen       total 87552K, used 93K [0x0000000740000000, 0x0000000745580000, 0x0000000795580000)
  object space 87552K, 0% used [0x0000000740000000,0x00000007400174b0,0x0000000745580000)
 Metaspace       used 16418K, capacity 16751K, committed 17024K, reserved 1064960K
  class space    used 1701K, capacity 1794K, committed 1920K, reserved 1048576K
}
Event: 3.023 GC heap before
{Heap before GC invocations=2 (full 0):
 PSYoungGen      total 38400K, used 36163K [0x0000000795580000, 0x0000000798000000, 0x00000007c0000000)
  eden space 33280K, 93% used [0x0000000795580000,0x00000007973d29c0,0x0000000797600000)
  from space 5120K, 99% used [0x0000000797600000,0x0000000797afe270,0x0000000797b00000)
  to   space 5120K, 0% used [0x0000000797b00000,0x0000000797b00000,0x0000000798000000)
 ParOldGen       total 87552K, used 93K [0x0000000740000000, 0x0000000745580000, 0x0000000795580000)
  object space 87552K, 0% used [0x0000000740000000,0x00000007400174b0,0x0000000745580000)
 Metaspace       used 20829K, capacity 21255K, committed 21296K, reserved 1069056K
  class space    used 2179K, capacity 2326K, committed 2352K, reserved 1048576K
Event: 3.033 GC heap after
Heap after GC invocations=2 (full 0):
 PSYoungGen      total 38400K, used 5091K [0x0000000795580000, 0x0000000798000000, 0x00000007c0000000)
  eden space 33280K, 0% used [0x0000000795580000,0x0000000795580000,0x0000000797600000)
  from space 5120K, 99% used [0x0000000797b00000,0x0000000797ff8c00,0x0000000798000000)
  to   space 5120K, 0% used [0x0000000797600000,0x0000000797600000,0x0000000797b00000)
 ParOldGen       total 87552K, used 3314K [0x0000000740000000, 0x0000000745580000, 0x0000000795580000)
  object space 87552K, 3% used [0x0000000740000000,0x000000074033cb28,0x0000000745580000)
 Metaspace       used 20829K, capacity 21255K, committed 21296K, reserved 1069056K
  class space    used 2179K, capacity 2326K, committed 2352K, reserved 1048576K
}
Event: 3.033 GC heap before
{Heap before GC invocations=3 (full 1):
 PSYoungGen      total 38400K, used 5091K [0x0000000795580000, 0x0000000798000000, 0x00000007c0000000)
  eden space 33280K, 0% used [0x0000000795580000,0x0000000795580000,0x0000000797600000)
  from space 5120K, 99% used [0x0000000797b00000,0x0000000797ff8c00,0x0000000798000000)
  to   space 5120K, 0% used [0x0000000797600000,0x0000000797600000,0x0000000797b00000)
 ParOldGen       total 87552K, used 3314K [0x0000000740000000, 0x0000000745580000, 0x0000000795580000)
  object space 87552K, 3% used [0x0000000740000000,0x000000074033cb28,0x0000000745580000)
 Metaspace       used 20829K, capacity 21255K, committed 21296K, reserved 1069056K
  class space    used 2179K, capacity 2326K, committed 2352K, reserved 1048576K
Event: 3.067 GC heap after
Heap after GC invocations=3 (full 1):
 PSYoungGen      total 38400K, used 0K [0x0000000795580000, 0x0000000798000000, 0x00000007c0000000)
  eden space 33280K, 0% used [0x0000000795580000,0x0000000795580000,0x0000000797600000)
  from space 5120K, 0% used [0x0000000797b00000,0x0000000797b00000,0x0000000798000000)
  to   space 5120K, 0% used [0x0000000797600000,0x0000000797600000,0x0000000797b00000)
 ParOldGen       total 66560K, used 8189K [0x0000000740000000, 0x0000000744100000, 0x0000000795580000)
  object space 66560K, 12% used [0x0000000740000000,0x00000007407ff690,0x0000000744100000)
 Metaspace       used 20829K, capacity 21255K, committed 21296K, reserved 1069056K
  class space    used 2179K, capacity 2326K, committed 2352K, reserved 1048576K
}
Event: 3.736 GC heap before
{Heap before GC invocations=4 (full 1):
 PSYoungGen      total 38400K, used 33280K [0x0000000795580000, 0x0000000798000000, 0x00000007c0000000)
  eden space 33280K, 100% used [0x0000000795580000,0x0000000797600000,0x0000000797600000)
  from space 5120K, 0% used [0x0000000797b00000,0x0000000797b00000,0x0000000798000000)
  to   space 5120K, 0% used [0x0000000797600000,0x0000000797600000,0x0000000797b00000)
 ParOldGen       total 66560K, used 8253K [0x0000000740000000, 0x0000000744100000, 0x0000000795580000)
  object space 66560K, 12% used [0x0000000740000000,0x000000074080f6a0,0x0000000744100000)
 Metaspace       used 23724K, capacity 24121K, committed 24368K, reserved 1071104K
  class space    used 2441K, capacity 2553K, committed 2608K, reserved 1048576K
Event: 3.742 GC heap after
Heap after GC invocations=4 (full 1):
 PSYoungGen      total 38400K, used 5088K [0x0000000795580000, 0x0000000798d00000, 0x00000007c0000000)
  eden space 33280K, 0% used [0x0000000795580000,0x0000000795580000,0x0000000797600000)
  from space 5120K, 99% used [0x0000000797600000,0x0000000797af8120,0x0000000797b00000)
  to   space 5120K, 0% used [0x0000000798800000,0x0000000798800000,0x0000000798d00000)
 ParOldGen       total 66560K, used 16065K [0x0000000740000000, 0x0000000744100000, 0x0000000795580000)
  object space 66560K, 24% used [0x0000000740000000,0x0000000740fb0678,0x0000000744100000)
 Metaspace       used 23724K, capacity 24121K, committed 24368K, reserved 1071104K
  class space    used 2441K, capacity 2553K, committed 2608K, reserved 1048576K
}

