# JRE version: Java(TM) SE Runtime Environment (8.0_131-b11) (build 1.8.0_131-b11)
# Java VM: Java HotSpot(TM) 64-Bit Server VM (25.131-b11 mixed mode bsd-amd64 compressed oops)
Heap:
 PSYoungGen      total 297472K, used 170837K [0x0000000795580000, 0x00000007b3280000, 0x00000007c0000000)
  eden space 266240K, 64% used [0x0000000795580000,0x000000079fc556a8,0x00000007a5980000)
  from space 31232K, 0% used [0x00000007a5980000,0x00000007a5980000,0x00000007a7800000)
  to   space 31232K, 0% used [0x00000007b1400000,0x00000007b1400000,0x00000007b3280000)
 ParOldGen       total 112128K, used 51055K [0x0000000740000000, 0x0000000746d80000, 0x0000000795580000)
  object space 112128K, 45% used [0x0000000740000000,0x00000007431dbc80,0x0000000746d80000)
 Metaspace       used 19620K, capacity 19959K, committed 20352K, reserved 1067008K
  class space    used 1952K, capacity 2054K, committed 2176K, reserved 1048576K
GC Heap History (10 events):
Event: 7.845 GC heap before
{Heap before GC invocations=6 (full 0):
 PSYoungGen      total 71680K, used 71668K [0x0000000795580000, 0x00000007a1780000, 0x00000007c0000000)
  eden space 66560K, 100% used [0x0000000795580000,0x0000000799680000,0x0000000799680000)
  from space 5120K, 99% used [0x0000000799680000,0x0000000799b7d290,0x0000000799b80000)
  to   space 32768K, 0% used [0x000000079f780000,0x000000079f780000,0x00000007a1780000)
 ParOldGen       total 87552K, used 57129K [0x0000000740000000, 0x0000000745580000, 0x0000000795580000)
  object space 87552K, 65% used [0x0000000740000000,0x00000007437ca7f8,0x0000000745580000)
 Metaspace       used 18697K, capacity 19053K, committed 19200K, reserved 1067008K
  class space    used 1893K, capacity 1989K, committed 2048K, reserved 1048576K
Event: 7.860 GC heap after
Heap after GC invocations=6 (full 0):
 PSYoungGen      total 164864K, used 7906K [0x0000000795580000, 0x00000007a1680000, 0x00000007c0000000)
  eden space 133120K, 0% used [0x0000000795580000,0x0000000795580000,0x000000079d780000)
  from space 31744K, 24% used [0x000000079f780000,0x000000079ff38bb0,0x00000007a1680000)
  to   space 32256K, 0% used [0x000000079d780000,0x000000079d780000,0x000000079f700000)
 ParOldGen       total 87552K, used 57129K [0x0000000740000000, 0x0000000745580000, 0x0000000795580000)
  object space 87552K, 65% used [0x0000000740000000,0x00000007437ca7f8,0x0000000745580000)
 Metaspace       used 18697K, capacity 19053K, committed 19200K, reserved 1067008K
  class space    used 1893K, capacity 1989K, committed 2048K, reserved 1048576K
}
Event: 16.184 GC heap before
{Heap before GC invocations=7 (full 0):
 PSYoungGen      total 164864K, used 141026K [0x0000000795580000, 0x00000007a1680000, 0x00000007c0000000)
  eden space 133120K, 100% used [0x0000000795580000,0x000000079d780000,0x000000079d780000)
  from space 31744K, 24% used [0x000000079f780000,0x000000079ff38bb0,0x00000007a1680000)
  to   space 32256K, 0% used [0x000000079d780000,0x000000079d780000,0x000000079f700000)
 ParOldGen       total 87552K, used 57129K [0x0000000740000000, 0x0000000745580000, 0x0000000795580000)
  object space 87552K, 65% used [0x0000000740000000,0x00000007437ca7f8,0x0000000745580000)
 Metaspace       used 18901K, capacity 19219K, committed 19456K, reserved 1067008K
  class space    used 1896K, capacity 2022K, committed 2048K, reserved 1048576K
Event: 16.202 GC heap after
Heap after GC invocations=7 (full 0):
 PSYoungGen      total 165376K, used 5714K [0x0000000795580000, 0x00000007a9780000, 0x00000007c0000000)
  eden space 133120K, 0% used [0x0000000795580000,0x0000000795580000,0x000000079d780000)
  from space 32256K, 17% used [0x000000079d780000,0x000000079dd14b80,0x000000079f700000)
  to   space 31744K, 0% used [0x00000007a7880000,0x00000007a7880000,0x00000007a9780000)
 ParOldGen       total 87552K, used 59296K [0x0000000740000000, 0x0000000745580000, 0x0000000795580000)
  object space 87552K, 67% used [0x0000000740000000,0x00000007439e82a8,0x0000000745580000)
 Metaspace       used 18901K, capacity 19219K, committed 19456K, reserved 1067008K
  class space    used 1896K, capacity 2022K, committed 2048K, reserved 1048576K
}
Event: 24.418 GC heap before
{Heap before GC invocations=8 (full 0):
 PSYoungGen      total 165376K, used 138834K [0x0000000795580000, 0x00000007a9780000, 0x00000007c0000000)
  eden space 133120K, 100% used [0x0000000795580000,0x000000079d780000,0x000000079d780000)
  from space 32256K, 17% used [0x000000079d780000,0x000000079dd14b80,0x000000079f700000)
  to   space 31744K, 0% used [0x00000007a7880000,0x00000007a7880000,0x00000007a9780000)
 ParOldGen       total 87552K, used 59296K [0x0000000740000000, 0x0000000745580000, 0x0000000795580000)
  object space 87552K, 67% used [0x0000000740000000,0x00000007439e82a8,0x0000000745580000)
 Metaspace       used 19085K, capacity 19411K, committed 19712K, reserved 1067008K
  class space    used 1896K, capacity 2022K, committed 2048K, reserved 1048576K
Event: 24.421 GC heap after
Heap after GC invocations=8 (full 0):
 PSYoungGen      total 296960K, used 5330K [0x0000000795580000, 0x00000007a9680000, 0x00000007c0000000)
  eden space 266240K, 0% used [0x0000000795580000,0x0000000795580000,0x00000007a5980000)
  from space 30720K, 17% used [0x00000007a7880000,0x00000007a7db4b80,0x00000007a9680000)
  to   space 31232K, 0% used [0x00000007a5980000,0x00000007a5980000,0x00000007a7800000)
 ParOldGen       total 87552K, used 59752K [0x0000000740000000, 0x0000000745580000, 0x0000000795580000)
  object space 87552K, 68% used [0x0000000740000000,0x0000000743a5a2a8,0x0000000745580000)
 Metaspace       used 19085K, capacity 19411K, committed 19712K, reserved 1067008K
  class space    used 1896K, capacity 2022K, committed 2048K, reserved 1048576K
}
Event: 41.646 GC heap before
{Heap before GC invocations=9 (full 0):
 PSYoungGen      total 296960K, used 271570K [0x0000000795580000, 0x00000007a9680000, 0x00000007c0000000)
  eden space 266240K, 100% used [0x0000000795580000,0x00000007a5980000,0x00000007a5980000)
  from space 30720K, 17% used [0x00000007a7880000,0x00000007a7db4b80,0x00000007a9680000)
  to   space 31232K, 0% used [0x00000007a5980000,0x00000007a5980000,0x00000007a7800000)
 ParOldGen       total 87552K, used 59752K [0x0000000740000000, 0x0000000745580000, 0x0000000795580000)
  object space 87552K, 68% used [0x0000000740000000,0x0000000743a5a2a8,0x0000000745580000)
 Metaspace       used 19583K, capacity 19955K, committed 20352K, reserved 1067008K
  class space    used 1945K, capacity 2054K, committed 2176K, reserved 1048576K
Event: 41.651 GC heap after
Heap after GC invocations=9 (full 0):
 PSYoungGen      total 297472K, used 1840K [0x0000000795580000, 0x00000007b3280000, 0x00000007c0000000)
  eden space 266240K, 0% used [0x0000000795580000,0x0000000795580000,0x00000007a5980000)
  from space 31232K, 5% used [0x00000007a5980000,0x00000007a5b4c090,0x00000007a7800000)
  to   space 31232K, 0% used [0x00000007b1400000,0x00000007b1400000,0x00000007b3280000)
 ParOldGen       total 87552K, used 64979K [0x0000000740000000, 0x0000000745580000, 0x0000000795580000)
  object space 87552K, 74% used [0x0000000740000000,0x0000000743f74e28,0x0000000745580000)
 Metaspace       used 19583K, capacity 19955K, committed 20352K, reserved 1067008K
  class space    used 1945K, capacity 2054K, committed 2176K, reserved 1048576K
}
Event: 41.651 GC heap before
{Heap before GC invocations=10 (full 1):
 PSYoungGen      total 297472K, used 1840K [0x0000000795580000, 0x00000007b3280000, 0x00000007c0000000)
  eden space 266240K, 0% used [0x0000000795580000,0x0000000795580000,0x00000007a5980000)
  from space 31232K, 5% used [0x00000007a5980000,0x00000007a5b4c090,0x00000007a7800000)
  to   space 31232K, 0% used [0x00000007b1400000,0x00000007b1400000,0x00000007b3280000)
 ParOldGen       total 87552K, used 64979K [0x0000000740000000, 0x0000000745580000, 0x0000000795580000)
  object space 87552K, 74% used [0x0000000740000000,0x0000000743f74e28,0x0000000745580000)
 Metaspace       used 19583K, capacity 19955K, committed 20352K, reserved 1067008K
  class space    used 1945K, capacity 2054K, committed 2176K, reserved 1048576K
Event: 41.834 GC heap after
Heap after GC invocations=10 (full 1):
 PSYoungGen      total 297472K, used 0K [0x0000000795580000, 0x00000007b3280000, 0x00000007c0000000)
  eden space 266240K, 0% used [0x0000000795580000,0x0000000795580000,0x00000007a5980000)
  from space 31232K, 0% used [0x00000007a5980000,0x00000007a5980000,0x00000007a7800000)
  to   space 31232K, 0% used [0x00000007b1400000,0x00000007b1400000,0x00000007b3280000)
 ParOldGen       total 112128K, used 51055K [0x0000000740000000, 0x0000000746d80000, 0x0000000795580000)
  object space 112128K, 45% used [0x0000000740000000,0x00000007431dbc80,0x0000000746d80000)
 Metaspace       used 19583K, capacity 19955K, committed 20352K, reserved 1067008K
  class space    used 1945K, capacity 2054K, committed 2176K, reserved 1048576K
}

