# JRE version: Java(TM) SE Runtime Environment (8.0_131-b11) (build 1.8.0_131-b11)
# Java VM: Java HotSpot(TM) 64-Bit Server VM (25.131-b11 mixed mode bsd-amd64 compressed oops)
Heap:
 PSYoungGen      total 438784K, used 70644K [0x0000000795580000, 0x00000007b0f00000, 0x00000007c0000000)
  eden space 425472K, 16% used [0x0000000795580000,0x0000000799a550e8,0x00000007af500000)
  from space 13312K, 1% used [0x00000007b0200000,0x00000007b0228000,0x00000007b0f00000)
  to   space 13312K, 0% used [0x00000007af500000,0x00000007af500000,0x00000007b0200000)
 ParOldGen       total 87552K, used 16759K [0x0000000740000000, 0x0000000745580000, 0x0000000795580000)
  object space 87552K, 19% used [0x0000000740000000,0x000000074105dcf8,0x0000000745580000)
 Metaspace       used 19603K, capacity 19947K, committed 20096K, reserved 1067008K
  class space    used 1988K, capacity 2088K, committed 2176K, reserved 1048576K
GC Heap History (10 events):
Event: 3.750 GC heap before
{Heap before GC invocations=6 (full 0):
 PSYoungGen      total 71680K, used 71603K [0x0000000795580000, 0x000000079f080000, 0x00000007c0000000)
  eden space 66560K, 100% used [0x0000000795580000,0x0000000799680000,0x0000000799680000)
  from space 5120K, 98% used [0x0000000799680000,0x0000000799b6ccd0,0x0000000799b80000)
  to   space 12800K, 0% used [0x000000079e400000,0x000000079e400000,0x000000079f080000)
 ParOldGen       total 87552K, used 11492K [0x0000000740000000, 0x0000000745580000, 0x0000000795580000)
  object space 87552K, 13% used [0x0000000740000000,0x0000000740b39248,0x0000000745580000)
 Metaspace       used 19302K, capacity 19681K, committed 19840K, reserved 1067008K
  class space    used 1977K, capacity 2087K, committed 2176K, reserved 1048576K
Event: 3.760 GC heap after
Heap after GC invocations=6 (full 0):
 PSYoungGen      total 144896K, used 5363K [0x0000000795580000, 0x000000079ef80000, 0x00000007c0000000)
  eden space 133120K, 0% used [0x0000000795580000,0x0000000795580000,0x000000079d780000)
  from space 11776K, 45% used [0x000000079e400000,0x000000079e93cce0,0x000000079ef80000)
  to   space 12288K, 0% used [0x000000079d780000,0x000000079d780000,0x000000079e380000)
 ParOldGen       total 87552K, used 11500K [0x0000000740000000, 0x0000000745580000, 0x0000000795580000)
  object space 87552K, 13% used [0x0000000740000000,0x0000000740b3b248,0x0000000745580000)
 Metaspace       used 19302K, capacity 19681K, committed 19840K, reserved 1067008K
  class space    used 1977K, capacity 2087K, committed 2176K, reserved 1048576K
}
Event: 4.101 GC heap before
{Heap before GC invocations=7 (full 0):
 PSYoungGen      total 144896K, used 138483K [0x0000000795580000, 0x000000079ef80000, 0x00000007c0000000)
  eden space 133120K, 100% used [0x0000000795580000,0x000000079d780000,0x000000079d780000)
  from space 11776K, 45% used [0x000000079e400000,0x000000079e93cce0,0x000000079ef80000)
  to   space 12288K, 0% used [0x000000079d780000,0x000000079d780000,0x000000079e380000)
 ParOldGen       total 87552K, used 11500K [0x0000000740000000, 0x0000000745580000, 0x0000000795580000)
  object space 87552K, 13% used [0x0000000740000000,0x0000000740b3b248,0x0000000745580000)
 Metaspace       used 19336K, capacity 19681K, committed 19840K, reserved 1067008K
  class space    used 1977K, capacity 2087K, committed 2176K, reserved 1048576K
Event: 4.108 GC heap after
Heap after GC invocations=7 (full 0):
 PSYoungGen      total 145408K, used 1664K [0x0000000795580000, 0x00000007a7280000, 0x00000007c0000000)
  eden space 133120K, 0% used [0x0000000795580000,0x0000000795580000,0x000000079d780000)
  from space 12288K, 13% used [0x000000079d780000,0x000000079d9200b0,0x000000079e380000)
  to   space 12800K, 0% used [0x00000007a6600000,0x00000007a6600000,0x00000007a7280000)
 ParOldGen       total 87552K, used 15135K [0x0000000740000000, 0x0000000745580000, 0x0000000795580000)
  object space 87552K, 17% used [0x0000000740000000,0x0000000740ec7c28,0x0000000745580000)
 Metaspace       used 19336K, capacity 19681K, committed 19840K, reserved 1067008K
  class space    used 1977K, capacity 2087K, committed 2176K, reserved 1048576K
}
Event: 4.436 GC heap before
{Heap before GC invocations=8 (full 0):
 PSYoungGen      total 145408K, used 134784K [0x0000000795580000, 0x00000007a7280000, 0x00000007c0000000)
  eden space 133120K, 100% used [0x0000000795580000,0x000000079d780000,0x000000079d780000)
  from space 12288K, 13% used [0x000000079d780000,0x000000079d9200b0,0x000000079e380000)
  to   space 12800K, 0% used [0x00000007a6600000,0x00000007a6600000,0x00000007a7280000)
 ParOldGen       total 87552K, used 15135K [0x0000000740000000, 0x0000000745580000, 0x0000000795580000)
  object space 87552K, 17% used [0x0000000740000000,0x0000000740ec7c28,0x0000000745580000)
 Metaspace       used 19376K, capacity 19681K, committed 19840K, reserved 1067008K
  class space    used 1977K, capacity 2087K, committed 2176K, reserved 1048576K
Event: 4.438 GC heap after
Heap after GC invocations=8 (full 0):
 PSYoungGen      total 278528K, used 672K [0x0000000795580000, 0x00000007a7380000, 0x00000007c0000000)
  eden space 265728K, 0% used [0x0000000795580000,0x0000000795580000,0x00000007a5900000)
  from space 12800K, 5% used [0x00000007a6600000,0x00000007a66a8020,0x00000007a7280000)
  to   space 13312K, 0% used [0x00000007a5900000,0x00000007a5900000,0x00000007a6600000)
 ParOldGen       total 87552K, used 16175K [0x0000000740000000, 0x0000000745580000, 0x0000000795580000)
  object space 87552K, 18% used [0x0000000740000000,0x0000000740fcbcd8,0x0000000745580000)
 Metaspace       used 19376K, capacity 19681K, committed 19840K, reserved 1067008K
  class space    used 1977K, capacity 2087K, committed 2176K, reserved 1048576K
}
Event: 5.245 GC heap before
{Heap before GC invocations=9 (full 0):
 PSYoungGen      total 278528K, used 266400K [0x0000000795580000, 0x00000007a7380000, 0x00000007c0000000)
  eden space 265728K, 100% used [0x0000000795580000,0x00000007a5900000,0x00000007a5900000)
  from space 12800K, 5% used [0x00000007a6600000,0x00000007a66a8020,0x00000007a7280000)
  to   space 13312K, 0% used [0x00000007a5900000,0x00000007a5900000,0x00000007a6600000)
 ParOldGen       total 87552K, used 16175K [0x0000000740000000, 0x0000000745580000, 0x0000000795580000)
  object space 87552K, 18% used [0x0000000740000000,0x0000000740fcbcd8,0x0000000745580000)
 Metaspace       used 19504K, capacity 19877K, committed 20096K, reserved 1067008K
  class space    used 1980K, capacity 2087K, committed 2176K, reserved 1048576K
Event: 5.247 GC heap after
Heap after GC invocations=9 (full 0):
 PSYoungGen      total 279040K, used 128K [0x0000000795580000, 0x00000007b0f00000, 0x00000007c0000000)
  eden space 265728K, 0% used [0x0000000795580000,0x0000000795580000,0x00000007a5900000)
  from space 13312K, 0% used [0x00000007a5900000,0x00000007a5920000,0x00000007a6600000)
  to   space 13312K, 0% used [0x00000007b0200000,0x00000007b0200000,0x00000007b0f00000)
 ParOldGen       total 87552K, used 16735K [0x0000000740000000, 0x0000000745580000, 0x0000000795580000)
  object space 87552K, 19% used [0x0000000740000000,0x0000000741057cf8,0x0000000745580000)
 Metaspace       used 19504K, capacity 19877K, committed 20096K, reserved 1067008K
  class space    used 1980K, capacity 2087K, committed 2176K, reserved 1048576K
}
Event: 6.046 GC heap before
{Heap before GC invocations=10 (full 0):
 PSYoungGen      total 279040K, used 265856K [0x0000000795580000, 0x00000007b0f00000, 0x00000007c0000000)
  eden space 265728K, 100% used [0x0000000795580000,0x00000007a5900000,0x00000007a5900000)
  from space 13312K, 0% used [0x00000007a5900000,0x00000007a5920000,0x00000007a6600000)
  to   space 13312K, 0% used [0x00000007b0200000,0x00000007b0200000,0x00000007b0f00000)
 ParOldGen       total 87552K, used 16735K [0x0000000740000000, 0x0000000745580000, 0x0000000795580000)
  object space 87552K, 19% used [0x0000000740000000,0x0000000741057cf8,0x0000000745580000)
 Metaspace       used 19563K, capacity 19883K, committed 20096K, reserved 1067008K
  class space    used 1981K, capacity 2088K, committed 2176K, reserved 1048576K
Event: 6.048 GC heap after
Heap after GC invocations=10 (full 0):
 PSYoungGen      total 438784K, used 160K [0x0000000795580000, 0x00000007b0f00000, 0x00000007c0000000)
  eden space 425472K, 0% used [0x0000000795580000,0x0000000795580000,0x00000007af500000)
  from space 13312K, 1% used [0x00000007b0200000,0x00000007b0228000,0x00000007b0f00000)
  to   space 13312K, 0% used [0x00000007af500000,0x00000007af500000,0x00000007b0200000)
 ParOldGen       total 87552K, used 16759K [0x0000000740000000, 0x0000000745580000, 0x0000000795580000)
  object space 87552K, 19% used [0x0000000740000000,0x000000074105dcf8,0x0000000745580000)
 Metaspace       used 19563K, capacity 19883K, committed 20096K, reserved 1067008K
  class space    used 1981K, capacity 2088K, committed 2176K, reserved 1048576K
}

