# JRE version: Java(TM) SE Runtime Environment (8.0_131-b11) (build 1.8.0_131-b11)
# Java VM: Java HotSpot(TM) 64-Bit Server VM (25.131-b11 mixed mode bsd-amd64 compressed oops)
Heap:
 PSYoungGen      total 292352K, used 52933K [0x0000000795580000, 0x00000007adf80000, 0x00000007c0000000)
  eden space 264192K, 19% used [0x0000000795580000,0x0000000798919708,0x00000007a5780000)
  from space 28160K, 0% used [0x00000007a5780000,0x00000007a5798000,0x00000007a7300000)
  to   space 28672K, 0% used [0x00000007ac380000,0x00000007ac380000,0x00000007adf80000)
 ParOldGen       total 89600K, used 37453K [0x0000000740000000, 0x0000000745780000, 0x0000000795580000)
  object space 89600K, 41% used [0x0000000740000000,0x00000007424935a8,0x0000000745780000)
 Metaspace       used 27682K, capacity 27989K, committed 28288K, reserved 1075200K
  class space    used 2233K, capacity 2342K, committed 2432K, reserved 1048576K
GC Heap History (10 events):
Event: 7.666 GC heap before
{Heap before GC invocations=8 (full 1):
 PSYoungGen      total 133120K, used 120708K [0x0000000795580000, 0x00000007a0580000, 0x00000007c0000000)
  eden space 116736K, 100% used [0x0000000795580000,0x000000079c780000,0x000000079c780000)
  from space 16384K, 24% used [0x000000079f580000,0x000000079f961210,0x00000007a0580000)
  to   space 31744K, 0% used [0x000000079c780000,0x000000079c780000,0x000000079e680000)
 ParOldGen       total 89600K, used 23456K [0x0000000740000000, 0x0000000745780000, 0x0000000795580000)
  object space 89600K, 26% used [0x0000000740000000,0x00000007416e8398,0x0000000745780000)
 Metaspace       used 27370K, capacity 27689K, committed 28032K, reserved 1075200K
  class space    used 2224K, capacity 2308K, committed 2432K, reserved 1048576K
Event: 7.673 GC heap after
Heap after GC invocations=8 (full 1):
 PSYoungGen      total 148480K, used 13081K [0x0000000795580000, 0x00000007a5300000, 0x00000007c0000000)
  eden space 116736K, 0% used [0x0000000795580000,0x0000000795580000,0x000000079c780000)
  from space 31744K, 41% used [0x000000079c780000,0x000000079d446790,0x000000079e680000)
  to   space 29696K, 0% used [0x00000007a3600000,0x00000007a3600000,0x00000007a5300000)
 ParOldGen       total 89600K, used 23464K [0x0000000740000000, 0x0000000745780000, 0x0000000795580000)
  object space 89600K, 26% used [0x0000000740000000,0x00000007416ea398,0x0000000745780000)
 Metaspace       used 27370K, capacity 27689K, committed 28032K, reserved 1075200K
  class space    used 2224K, capacity 2308K, committed 2432K, reserved 1048576K
}
Event: 8.346 GC heap before
{Heap before GC invocations=9 (full 1):
 PSYoungGen      total 148480K, used 129817K [0x0000000795580000, 0x00000007a5300000, 0x00000007c0000000)
  eden space 116736K, 100% used [0x0000000795580000,0x000000079c780000,0x000000079c780000)
  from space 31744K, 41% used [0x000000079c780000,0x000000079d446790,0x000000079e680000)
  to   space 29696K, 0% used [0x00000007a3600000,0x00000007a3600000,0x00000007a5300000)
 ParOldGen       total 89600K, used 23464K [0x0000000740000000, 0x0000000745780000, 0x0000000795580000)
  object space 89600K, 26% used [0x0000000740000000,0x00000007416ea398,0x0000000745780000)
 Metaspace       used 27485K, capacity 27823K, committed 28032K, reserved 1075200K
  class space    used 2225K, capacity 2309K, committed 2432K, reserved 1048576K
Event: 8.352 GC heap after
Heap after GC invocations=9 (full 1):
 PSYoungGen      total 218624K, used 14153K [0x0000000795580000, 0x00000007a4c00000, 0x00000007c0000000)
  eden space 196096K, 0% used [0x0000000795580000,0x0000000795580000,0x00000007a1500000)
  from space 22528K, 62% used [0x00000007a3600000,0x00000007a43d2660,0x00000007a4c00000)
  to   space 28160K, 0% used [0x00000007a1500000,0x00000007a1500000,0x00000007a3080000)
 ParOldGen       total 89600K, used 23472K [0x0000000740000000, 0x0000000745780000, 0x0000000795580000)
  object space 89600K, 26% used [0x0000000740000000,0x00000007416ec398,0x0000000745780000)
 Metaspace       used 27485K, capacity 27823K, committed 28032K, reserved 1075200K
  class space    used 2225K, capacity 2309K, committed 2432K, reserved 1048576K
}
Event: 9.457 GC heap before
{Heap before GC invocations=10 (full 1):
 PSYoungGen      total 218624K, used 210249K [0x0000000795580000, 0x00000007a4c00000, 0x00000007c0000000)
  eden space 196096K, 100% used [0x0000000795580000,0x00000007a1500000,0x00000007a1500000)
  from space 22528K, 62% used [0x00000007a3600000,0x00000007a43d2660,0x00000007a4c00000)
  to   space 28160K, 0% used [0x00000007a1500000,0x00000007a1500000,0x00000007a3080000)
 ParOldGen       total 89600K, used 23472K [0x0000000740000000, 0x0000000745780000, 0x0000000795580000)
  object space 89600K, 26% used [0x0000000740000000,0x00000007416ec398,0x0000000745780000)
 Metaspace       used 27570K, capacity 27887K, committed 28288K, reserved 1075200K
  class space    used 2225K, capacity 2309K, committed 2432K, reserved 1048576K
Event: 9.463 GC heap after
Heap after GC invocations=10 (full 1):
 PSYoungGen      total 224256K, used 10937K [0x0000000795580000, 0x00000007a9300000, 0x00000007c0000000)
  eden space 196096K, 0% used [0x0000000795580000,0x0000000795580000,0x00000007a1500000)
  from space 28160K, 38% used [0x00000007a1500000,0x00000007a1fae590,0x00000007a3080000)
  to   space 27136K, 0% used [0x00000007a7880000,0x00000007a7880000,0x00000007a9300000)
 ParOldGen       total 89600K, used 27185K [0x0000000740000000, 0x0000000745780000, 0x0000000795580000)
  object space 89600K, 30% used [0x0000000740000000,0x0000000741a8c568,0x0000000745780000)
 Metaspace       used 27570K, capacity 27887K, committed 28288K, reserved 1075200K
  class space    used 2225K, capacity 2309K, committed 2432K, reserved 1048576K
}
Event: 10.450 GC heap before
{Heap before GC invocations=11 (full 1):
 PSYoungGen      total 224256K, used 207033K [0x0000000795580000, 0x00000007a9300000, 0x00000007c0000000)
  eden space 196096K, 100% used [0x0000000795580000,0x00000007a1500000,0x00000007a1500000)
  from space 28160K, 38% used [0x00000007a1500000,0x00000007a1fae590,0x00000007a3080000)
  to   space 27136K, 0% used [0x00000007a7880000,0x00000007a7880000,0x00000007a9300000)
 ParOldGen       total 89600K, used 27185K [0x0000000740000000, 0x0000000745780000, 0x0000000795580000)
  object space 89600K, 30% used [0x0000000740000000,0x0000000741a8c568,0x0000000745780000)
 Metaspace       used 27600K, capacity 27893K, committed 28288K, reserved 1075200K
  class space    used 2225K, capacity 2310K, committed 2432K, reserved 1048576K
Event: 10.453 GC heap after
Heap after GC invocations=11 (full 1):
 PSYoungGen      total 286720K, used 416K [0x0000000795580000, 0x00000007a8e80000, 0x00000007c0000000)
  eden space 264192K, 0% used [0x0000000795580000,0x0000000795580000,0x00000007a5780000)
  from space 22528K, 1% used [0x00000007a7880000,0x00000007a78e8010,0x00000007a8e80000)
  to   space 28160K, 0% used [0x00000007a5780000,0x00000007a5780000,0x00000007a7300000)
 ParOldGen       total 89600K, used 37125K [0x0000000740000000, 0x0000000745780000, 0x0000000795580000)
  object space 89600K, 41% used [0x0000000740000000,0x0000000742441518,0x0000000745780000)
 Metaspace       used 27600K, capacity 27893K, committed 28288K, reserved 1075200K
  class space    used 2225K, capacity 2310K, committed 2432K, reserved 1048576K
}
Event: 11.870 GC heap before
{Heap before GC invocations=12 (full 1):
 PSYoungGen      total 286720K, used 264608K [0x0000000795580000, 0x00000007a8e80000, 0x00000007c0000000)
  eden space 264192K, 100% used [0x0000000795580000,0x00000007a5780000,0x00000007a5780000)
  from space 22528K, 1% used [0x00000007a7880000,0x00000007a78e8010,0x00000007a8e80000)
  to   space 28160K, 0% used [0x00000007a5780000,0x00000007a5780000,0x00000007a7300000)
 ParOldGen       total 89600K, used 37125K [0x0000000740000000, 0x0000000745780000, 0x0000000795580000)
  object space 89600K, 41% used [0x0000000740000000,0x0000000742441518,0x0000000745780000)
 Metaspace       used 27636K, capacity 27957K, committed 28288K, reserved 1075200K
  class space    used 2225K, capacity 2310K, committed 2432K, reserved 1048576K
Event: 11.872 GC heap after
Heap after GC invocations=12 (full 1):
 PSYoungGen      total 292352K, used 96K [0x0000000795580000, 0x00000007adf80000, 0x00000007c0000000)
  eden space 264192K, 0% used [0x0000000795580000,0x0000000795580000,0x00000007a5780000)
  from space 28160K, 0% used [0x00000007a5780000,0x00000007a5798000,0x00000007a7300000)
  to   space 28672K, 0% used [0x00000007ac380000,0x00000007ac380000,0x00000007adf80000)
 ParOldGen       total 89600K, used 37453K [0x0000000740000000, 0x0000000745780000, 0x0000000795580000)
  object space 89600K, 41% used [0x0000000740000000,0x00000007424935a8,0x0000000745780000)
 Metaspace       used 27636K, capacity 27957K, committed 28288K, reserved 1075200K
  class space    used 2225K, capacity 2310K, committed 2432K, reserved 1048576K
}

